CAN Initialised
0.00 0 0 0 0 0 0 0 1
20.45 0 0 0 0 0 0 0 1
20.45 0 0 0 0 0 0 0 1
20.45 0 0 0 0 0 0 0 1
20.45 0 0 0 0 0 0 0 1
20.45 0 0 0 0 0 0 0 1
20.45 0 0 0 0 0 0 0 1
20.45 0 0 0 0 0 0 0 1
20.45 0 0 0 0 0 0 0 1
20.45 0 0 0 0 0 0 0 1
20.45 0 0 0 0 0 0 0 1
20.45 0 0 0 0 0 0 0 1
20.45 0 0 0 0 0 0 0 1
20.48 0 0 0 0 0 0 0 1
20.45 0 0 0 0 0 0 0 1
20.45 0 0 0 0 0 0 0 1
20.45 0 0 0 0 0 0 0 1
20.42 0 0 0 0 0 0 0 1
20.45 0 0 0 0 0 0 0 1
20.45 0 0 1 0 0 0 0 1
Boiler on
20.45 0 0 1 0 0 1 1 1
Boiler on
20.45 0 0 1 0 0 1 1 1
Boiler on
20.45 0 0 1 0 0 1 1 1
Boiler on
20.45 0 0 1 0 0 1 1 1
Boiler on
20.45 0 0 1 0 0 1 1 1
Boiler on
20.45 0 0 1 0 0 1 1 1
Boiler on
20.45 0 0 1 0 0 1 1 1
Boiler on
20.45 0 0 1 0 0 1 1 1
Boiler on
20.48 0 0 1 0 0 1 1 1
Boiler on
20.45 0 0 1 0 0 1 1 1
Boiler on
20.45 0 0 1 0 0 1 1 1
Boiler on
20.45 0 0 1 0 0 1 1 1
Boiler on
20.42 0 0 1 0 0 1 1 1
Boiler on
20.45 0 0 1 0 0 1 1 1
Boiler on
20.45 0 0 1 0 0 1 1 1
Boiler on
20.45 0 0 1 0 0 1 1 1
Boiler on
20.45 0 0 1 0 0 1 1 1
Boiler on
20.42 0 0 1 0 0 1 1 1
Boiler on
20.45 0 0 1 0 0 1 1 1
Boiler on
20.45 0 0 1 0 0 1 1 1
Boiler on
20.45 0 0 1 0 0 1 1 1
Boiler on
20.45 0 0 1 0 0 1 1 1
Boiler on
20.45 0 0 1 0 0 1 1 1
Boiler on
20.45 0 0 1 0 0 1 1 1
Boiler on
20.45 0 0 1 0 0 1 1 1
Boiler on
20.45 0 0 1 0 0 1 1 1
Boiler on
20.45 0 0 1 0 0 1 1 1
Boiler on
20.45 0 0 1 0 0 1 1 1
Boiler on
20.42 0 0 1 0 0 1 1 1
Boiler on
20.45 0 0 1 0 0 1 1 1
Boiler on
20.45 0 0 1 0 0 1 1 1
Boiler on
20.45 0 0 1 0 0 1 1 1
Boiler on
20.42 0 0 1 0 0 1 1 1
Boiler on
20.45 0 0 1 0 0 1 1 1
Boiler on
20.45 0 0 1 0 0 1 1 1
Boiler on
20.42 0 0 1 0 0 1 1 1
Boiler on
20.45 0 0 1 0 0 1 1 1
Boiler on
20.45 0 0 1 0 0 1 1 1
Boiler on
20.45 0 0 1 0 0 1 1 1
Boiler on
20.42 0 0 1 0 0 1 1 1
Boiler on
20.39 0 0 1 0 0 1 1 1
Boiler on
20.42 0 0 1 0 0 1 1 1
Boiler on
20.45 0 0 1 0 0 1 1 1
Boiler on
20.45 0 0 1 0 0 1 1 1
Boiler on
20.45 0 0 1 0 0 1 1 1
Boiler on
20.42 0 0 1 0 0 1 1 1
Boiler on
20.45 0 0 1 0 0 1 1 1
Boiler on
20.45 0 0 1 0 0 1 1 1
Boiler on
20.45 0 0 1 0 0 1 1 1
Boiler on
20.45 0 0 1 0 0 1 1 1
Boiler on
20.45 0 0 1 0 0 1 1 1
Boiler on
20.42 0 0 1 0 0 1 1 1
Boiler on
20.42 0 0 1 0 0 1 1 1
Boiler on
20.45 0 0 1 0 0 1 1 1
Boiler on
20.42 0 0 1 0 0 1 1 1
Boiler on
20.39 0 0 1 0 0 1 1 1
Boiler on
20.45 0 0 1 0 0 1 1 1
Boiler on
20.45 0 0 1 0 0 1 1 1
Boiler on
20.42 0 0 1 0 0 1 1 1
Boiler on
20.42 0 0 1 0 0 1 1 1
Boiler on
20.42 0 0 1 0 0 1 1 1
Boiler on
20.45 0 0 1 0 0 1 1 1
Boiler on
20.45 0 0 1 0 0 1 1 1
Boiler on
20.42 0 0 1 0 0 1 1 1
Boiler on
20.45 0 0 1 0 0 1 1 1
Boiler on
20.45 0 0 1 0 0 1 1 1
Boiler on
20.45 0 0 1 0 0 1 1 1
Boiler on
20.45 0 0 1 0 0 1 1 1
Boiler on
20.45 0 0 1 0 0 1 1 1
Boiler on
20.45 0 0 1 0 0 1 1 1
Boiler on
20.45 0 0 1 0 0 1 1 1
Boiler on
20.45 0 0 1 0 0 1 1 1
Boiler on
20.51 0 0 1 0 0 1 1 1
Boiler on
20.45 0 0 1 0 0 1 1 1
Boiler on
20.45 0 0 1 0 0 1 1 1
Boiler on
20.45 0 0 1 0 0 1 1 1
Boiler on
20.45 0 0 1 0 0 1 1 1
Boiler on
20.45 0 0 1 0 0 1 1 1
Boiler on
20.45 0 0 1 0 0 1 1 1
Boiler on
20.45 0 0 1 0 0 1 1 1
Boiler on
20.51 0 0 1 0 0 1 1 1
Boiler on
20.45 0 0 1 0 0 1 1 1
Boiler on
20.48 0 0 1 0 0 1 1 1
Boiler on
20.45 0 0 1 0 0 1 1 1
Boiler on
20.45 0 0 1 0 0 1 1 1
Boiler on
20.45 0 0 1 0 0 1 1 1
Boiler on
20.45 0 0 1 0 0 1 1 1
Boiler on
20.45 0 0 1 0 0 1 1 1
Boiler on
20.45 0 0 1 0 0 1 1 1
Boiler on
20.45 0 0 1 0 0 1 1 1
Boiler on
20.45 0 0 1 0 0 1 1 1
Boiler on
20.45 0 0 1 0 0 1 1 1
Boiler on
20.45 0 0 1 0 0 1 1 1
Boiler on
20.45 0 0 1 0 0 1 1 1
Boiler on
20.48 0 0 1 0 0 1 1 1
Boiler on
20.45 0 0 1 0 0 1 1 1
Boiler on
20.45 0 0 1 0 0 1 1 1
Boiler on
20.45 0 0 1 0 0 1 1 1
Boiler on
20.45 0 0 1 0 0 1 1 1
Boiler on
20.45 0 0 1 0 0 1 1 1
Boiler on
20.45 0 0 1 0 0 1 1 1
Boiler on
20.45 0 0 1 0 0 1 1 1
Boiler on
20.48 0 0 1 0 0 1 1 1
Boiler on
20.51 0 0 1 0 0 1 1 1
Boiler on
20.48 0 0 1 0 0 1 1 1
Boiler on
20.48 0 0 1 0 0 1 1 1
Boiler on
20.45 0 0 1 0 0 1 1 1
Boiler on
20.60 0 0 1 0 0 1 1 1
Boiler on
20.51 0 0 1 0 0 1 1 1
Boiler on
20.51 0 0 1 0 0 1 1 1
Boiler on
20.48 0 0 1 0 0 1 1 1
Boiler on
20.51 0 0 1 0 0 1 1 1
Boiler on
20.42 0 0 1 0 0 1 1 1
Boiler on
20.51 0 0 1 0 0 1 1 1
Boiler on
20.48 0 0 1 0 0 1 1 1
Boiler on
20.51 0 0 1 0 0 1 1 1
Boiler on
20.51 0 0 1 0 0 1 1 1
Boiler on
20.51 0 0 1 0 0 1 1 1
Boiler on
20.51 0 0 1 0 0 1 1 1
Boiler on
20.51 0 0 1 0 0 1 1 1
Boiler on
20.51 0 0 1 0 0 1 1 1
Boiler on
20.51 0 0 1 0 0 1 1 1
Boiler on
20.51 0 0 1 0 0 1 1 1
Boiler on
20.51 0 0 1 0 0 1 1 1
Boiler on
20.51 0 0 1 0 0 1 1 1
Boiler on
20.51 0 0 1 0 0 1 1 1
Boiler on
20.51 0 0 1 0 0 1 1 1
Boiler on
20.51 0 0 1 0 0 1 1 1
Boiler on
20.51 0 0 1 0 0 1 1 1
Boiler on
20.51 0 0 1 0 0 1 1 1
Boiler on
20.51 0 0 1 0 0 1 1 1
Boiler on
20.51 0 0 1 0 0 1 1 1
Boiler on
20.51 0 0 1 0 0 1 1 1
Boiler on
20.51 0 0 1 0 0 1 1 1
Boiler on
20.51 0 0 1 0 0 1 1 1
Boiler on
20.51 0 0 1 0 0 1 1 1
Boiler on
20.51 0 0 1 0 0 1 1 1
Boiler on
20.51 0 0 1 0 0 1 1 1
Boiler on
20.51 0 0 1 0 0 1 1 1
Boiler on
20.51 0 0 1 0 0 1 1 1
Boiler on
20.51 0 0 1 0 0 1 1 1
Boiler on
20.51 0 0 1 0 0 1 1 1
Boiler on
20.51 0 0 1 0 0 1 1 1
Boiler on
20.51 0 0 1 0 0 1 1 1
Boiler on
20.51 0 0 1 0 0 1 1 1
Boiler on
20.51 0 0 1 0 0 1 1 1
Boiler on
20.54 0 0 1 0 0 1 1 1
Boiler on
20.54 0 0 1 0 0 1 1 1
Boiler on
20.51 0 0 1 0 0 1 1 1
Boiler on
20.51 0 0 1 0 0 1 1 1
Boiler on
20.51 0 0 1 0 0 1 1 1
Boiler on
20.51 0 0 1 0 0 1 1 1
Boiler on
20.51 0 0 1 0 0 1 1 1
Boiler on
20.51 0 0 1 0 0 1 1 1
Boiler on
20.51 0 0 1 0 0 1 1 1
Boiler on
20.51 0 0 1 0 0 1 1 1
Boiler on
20.51 0 0 1 0 0 1 1 1
Boiler on
20.51 0 0 1 0 0 1 1 1
Boiler on
20.51 0 0 1 0 0 1 1 1
Boiler on
20.51 0 0 1 0 0 1 1 1
Boiler on
20.51 0 0 1 0 0 1 1 1
Boiler on
20.51 0 0 1 0 0 1 1 1
Boiler on
20.51 0 0 1 0 0 1 1 1
Boiler on
20.51 0 0 1 0 0 1 1 1
Boiler on
20.51 0 0 1 0 0 1 1 1
Boiler on
20.51 0 0 1 0 0 1 1 1
Boiler on
20.51 0 0 1 0 0 1 1 1
Boiler on
20.51 0 0 1 0 0 1 1 1
Boiler on
20.51 0 0 1 0 0 1 1 1
Boiler on
20.51 0 0 1 0 0 1 1 1
Boiler on
20.51 0 0 1 0 0 1 1 1
Boiler on
20.51 0 0 1 0 0 1 1 1
Boiler on
20.51 0 0 1 0 0 1 1 1
Boiler on
20.51 0 0 1 0 0 1 1 1
Boiler on
20.51 0 0 1 0 0 1 1 1
Boiler on
20.51 0 0 1 0 0 1 1 1
Boiler on
20.51 0 0 1 0 0 1 1 1
Boiler on
20.51 0 0 1 0 0 1 1 1
Boiler on
20.51 0 0 1 0 0 1 1 1
Boiler on
20.51 0 0 1 0 0 1 1 1
Boiler on
20.54 0 0 1 0 0 1 1 1
Boiler on
20.48 0 0 1 0 0 1 1 1
Boiler on
20.51 0 0 1 0 0 1 1 1
Boiler on
20.54 0 0 1 0 0 1 1 1
Boiler on
20.54 0 0 1 0 0 1 1 1
Boiler on
20.51 0 0 1 0 0 1 1 1
Boiler on
20.54 0 0 1 0 0 1 1 1
Boiler on
20.54 0 0 1 0 0 1 1 1
Boiler on
20.51 0 0 1 0 0 1 1 1
Boiler on
20.51 0 0 1 0 0 1 1 1
Boiler on
20.54 0 0 1 0 0 1 1 1
Boiler on
20.54 0 0 1 0 0 1 1 1
Boiler on
20.54 0 0 1 0 0 1 1 1
Boiler on
20.54 0 0 1 0 0 1 1 1
Boiler on
20.54 0 0 1 0 0 1 1 1
Boiler on
20.54 0 0 1 0 0 1 1 1
Boiler on
20.57 0 0 1 0 0 1 1 1
Boiler on
20.54 0 0 1 0 0 1 1 1
Boiler on
20.54 0 0 1 0 0 1 1 1
Boiler on
20.54 0 0 1 0 0 1 1 1
Boiler on
20.54 0 0 1 0 0 1 1 1
Boiler on
20.54 0 0 1 0 0 1 1 1
Boiler on
20.54 0 0 1 0 0 1 1 1
Boiler on
20.54 0 0 1 0 0 1 1 1
Boiler on
20.54 0 0 1 0 0 1 1 1
Boiler on
20.54 0 0 1 0 0 1 1 1
Boiler on
20.54 0 0 1 0 0 1 1 1
Boiler on
20.54 0 0 1 0 0 1 1 1
Boiler on
20.54 0 0 1 0 0 1 1 1
Boiler on
20.54 0 0 1 0 0 1 1 1
Boiler on
20.51 0 0 1 0 0 1 1 1
Boiler on
20.54 0 0 1 0 0 1 1 1
Boiler on
20.54 0 0 1 0 0 1 1 1
Boiler on
20.51 0 0 1 0 0 1 1 1
Boiler on
20.54 0 0 1 0 0 1 1 1
Boiler on
20.54 0 0 1 0 0 1 1 1
Boiler on
20.54 0 0 1 0 0 1 1 1
Boiler on
20.54 0 0 1 0 0 1 1 1
Boiler on
20.51 0 0 1 0 0 1 1 1
Boiler on
20.57 0 0 1 0 0 1 1 1
Boiler on
20.54 0 0 1 0 0 1 1 1
Boiler on
20.54 0 0 1 0 0 1 1 1
Boiler on
20.57 0 0 1 0 0 1 1 1
Boiler on
20.57 0 0 1 0 0 1 1 1
Boiler on
20.54 0 0 1 0 0 1 1 1
Boiler on
20.57 0 0 1 0 0 1 1 1
Boiler on
20.54 0 0 1 0 0 1 1 1
Boiler on
20.54 0 0 1 0 0 1 1 1
Boiler on
20.54 0 0 1 0 0 1 1 1
Boiler on
20.57 0 0 1 0 0 1 1 1
Boiler on
20.60 0 0 1 0 0 1 1 1
Boiler on
20.51 0 0 1 0 0 1 1 1
Boiler on
20.54 0 0 1 0 0 1 1 1
Boiler on
20.57 0 0 1 0 0 1 1 1
Boiler on
20.60 0 0 1 0 0 1 1 1
Boiler on
20.60 0 0 1 0 0 1 1 1
Boiler on
20.57 0 0 1 0 0 1 1 1
Boiler on
20.57 0 0 1 0 0 1 1 1
Boiler on
20.51 0 0 1 0 0 1 1 1
Boiler on
20.60 0 0 1 0 0 1 1 1
Boiler on
20.60 0 0 1 0 0 1 1 1
Boiler on
20.60 0 0 1 0 0 1 1 1
Boiler on
20.60 0 0 1 0 0 1 1 1
Boiler on
20.60 0 0 1 0 0 1 1 1
Boiler on
20.60 0 0 1 0 0 1 1 1
Boiler on
20.64 0 0 1 0 0 1 1 1
Boiler on
20.60 0 0 1 0 0 1 1 1
Boiler on
20.60 0 0 1 0 0 1 1 1
Boiler on
20.60 0 0 1 0 0 1 1 1
Boiler on
20.60 0 0 1 0 0 1 1 1
Boiler on
20.60 0 0 1 0 0 1 1 1
Boiler on
20.60 0 0 1 0 0 1 1 1
Boiler on
20.60 0 0 1 0 0 1 1 1
Boiler on
20.60 0 0 1 0 0 1 1 1
Boiler on
20.60 0 0 1 0 0 1 1 1
Boiler on
20.60 0 0 1 0 0 1 1 1
Boiler on
20.57 0 0 1 0 0 1 1 1
Boiler on
20.60 0 0 1 0 0 1 1 1
Boiler on
20.60 0 0 1 0 0 1 1 1
Boiler on
20.60 0 0 1 0 0 1 1 1
Boiler on
20.60 0 0 1 0 0 1 1 1
Boiler on
20.60 0 0 1 0 0 1 1 1
Boiler on
20.60 0 0 1 0 0 1 1 1
Boiler on
20.60 0 0 1 0 0 1 1 1
Boiler on
20.60 0 0 1 0 0 1 1 1
Boiler on
20.60 0 0 1 0 0 1 1 1
Boiler on
20.60 0 0 1 0 0 1 1 1
Boiler on
20.60 0 0 1 0 0 1 1 1
Boiler on
20.60 0 0 1 0 0 1 1 1
Boiler on
20.60 0 0 1 0 0 1 1 1
Boiler on
20.60 0 0 1 0 0 1 1 1
Boiler on
20.60 0 0 1 0 0 1 1 1
Boiler on
20.60 0 0 1 0 0 1 1 1
Boiler on
20.60 0 0 1 0 0 1 1 1
Boiler on
20.60 0 0 1 0 0 1 1 1
Boiler on
20.60 0 0 1 0 0 1 1 1
Boiler on
20.60 0 0 1 0 0 1 1 1
Boiler on
20.60 0 0 1 0 0 1 1 1
Boiler on
20.60 0 0 1 0 0 1 1 1
Boiler on
20.60 0 0 1 0 0 1 1 1
Boiler on
20.60 0 0 1 0 0 1 1 1
Boiler on
20.60 0 0 1 0 0 1 1 1
Boiler on
20.60 0 0 1 0 0 1 1 1
Boiler on
20.60 0 0 1 0 0 1 1 1
Boiler on
20.60 0 0 1 0 0 1 1 1
Boiler on
20.63 0 0 1 0 0 1 1 1
Boiler on
20.67 0 0 1 0 0 1 1 1
Boiler on
20.60 0 0 1 0 0 1 1 1
Boiler on
20.60 0 0 1 0 0 1 1 1
Boiler on
20.60 0 0 1 0 0 1 1 1
Boiler on
20.60 0 0 1 0 0 1 1 1
Boiler on
20.60 0 0 1 0 0 1 1 1
Boiler on
20.60 0 0 1 0 0 1 1 1
Boiler on
20.60 0 0 1 0 0 1 1 1
Boiler on
20.60 0 0 1 0 0 1 1 1
Boiler on
20.60 0 0 1 0 0 1 1 1
Boiler on
20.60 0 0 1 0 0 1 1 1
Boiler on
20.60 0 0 1 0 0 1 1 1
Boiler on
20.60 0 0 1 0 0 1 1 1
Boiler on
20.60 0 0 1 0 0 1 1 1
Boiler on
20.60 0 0 1 0 0 1 1 1
Boiler on
20.60 0 0 1 0 0 1 1 1
Boiler on
20.73 0 0 1 0 0 1 1 1
Boiler on
20.60 0 0 1 0 0 1 1 1
Boiler on
20.60 0 0 1 0 0 1 1 1
Boiler on
20.60 0 0 1 0 0 1 1 1
Boiler on
20.60 0 0 1 0 0 1 1 1
Boiler on
20.60 0 0 1 0 0 1 1 1
Boiler on
20.60 0 0 1 0 0 1 1 1
Boiler on
20.60 0 0 1 0 0 1 1 1
Boiler on
20.60 0 0 1 0 0 1 1 1
Boiler on
20.60 0 0 1 0 0 1 1 1
Boiler on
20.63 0 0 1 0 0 1 1 1
Boiler on
20.60 0 0 1 0 0 1 1 1
Boiler on
20.60 0 0 1 0 0 1 1 1
Boiler on
20.60 0 0 1 0 0 1 1 1
Boiler on
20.60 0 0 1 0 0 1 1 1
Boiler on
20.60 0 0 1 0 0 1 1 1
Boiler on
20.60 0 0 1 0 0 1 1 1
Boiler on
20.63 0 0 1 0 0 1 1 1
Boiler on
20.60 0 0 1 0 0 1 1 1
Boiler on
20.60 0 0 1 0 0 1 1 1
Boiler on
20.60 0 0 1 0 0 1 1 1
Boiler on
20.60 0 0 1 0 0 1 1 1
Boiler on
20.60 0 0 1 0 0 1 1 1
Boiler on
20.60 0 0 1 0 0 1 1 1
Boiler on
20.60 0 0 1 0 0 1 1 1
Boiler on
20.60 0 0 1 0 0 1 1 1
Boiler on
20.60 0 0 1 0 0 1 1 1
Boiler on
20.60 0 0 1 0 0 1 1 1
Boiler on
20.60 0 0 1 0 0 1 1 1
Boiler on
20.60 0 0 1 0 0 1 1 1
Boiler on
20.60 0 0 1 0 0 1 1 1
Boiler on
20.60 0 0 1 0 0 1 1 1
Boiler on
20.54 0 0 1 0 0 1 1 1
Boiler on
20.60 0 0 1 0 0 1 1 1
Boiler on
20.60 0 0 1 0 0 1 1 1
Boiler on
20.63 0 0 1 0 0 1 1 1
Boiler on
20.60 0 0 1 0 0 1 1 1
Boiler on
20.67 0 0 1 0 0 1 1 1
Boiler on
20.60 0 0 1 0 0 1 1 1
Boiler on
20.63 0 0 1 0 0 1 1 1
Boiler on
20.63 0 0 1 0 0 1 1 1
Boiler on
20.63 0 0 1 0 0 1 1 1
Boiler on
20.63 0 0 1 0 0 1 1 1
Boiler on
20.67 0 0 1 0 0 1 1 1
Boiler on
20.63 0 0 1 0 0 1 1 1
Boiler on
20.67 0 0 1 0 0 1 1 1
Boiler on
20.70 0 0 1 0 0 1 1 1
Boiler on
20.67 0 0 1 0 0 1 1 1
Boiler on
20.73 0 0 1 0 0 1 1 1
Boiler on
20.67 0 0 1 0 0 1 1 1
Boiler on
20.67 0 0 1 0 0 1 1 1
Boiler on
20.70 0 0 1 0 0 1 1 1
Boiler on
20.70 0 0 1 0 0 1 1 1
Boiler on
20.70 0 0 1 0 0 1 1 1
Boiler on
20.73 0 0 1 0 0 1 1 1
Boiler on
20.70 0 0 1 0 0 1 1 1
Boiler on
20.70 0 0 1 0 0 1 1 1
Boiler on
20.70 0 0 1 0 0 1 1 1
Boiler on
20.70 0 0 1 0 0 1 1 1
Boiler on
20.70 0 0 1 0 0 1 1 1
Boiler on
20.70 0 0 1 0 0 1 1 1
Boiler on
20.70 0 0 1 0 0 1 1 1
Boiler on
20.67 0 0 1 0 0 1 1 1
Boiler on
20.70 0 0 1 0 0 1 1 1
Boiler on
20.70 0 0 1 0 0 1 1 1
Boiler on
20.70 0 0 1 0 0 1 1 1
Boiler on
20.70 0 0 1 0 0 1 1 1
Boiler on
20.70 0 0 1 0 0 1 1 1
Boiler on
20.70 0 0 1 0 0 1 1 1
Boiler on
20.70 0 0 1 0 0 1 1 1
Boiler on
20.70 0 0 1 0 0 1 1 1
Boiler on
20.70 0 0 1 0 0 1 1 1
Boiler on
20.73 0 0 1 0 0 1 1 1
Boiler on
20.70 0 0 1 0 0 1 1 1
Boiler on
20.70 0 0 1 0 0 1 1 1
Boiler on
20.70 0 0 1 0 0 1 1 1
Boiler on
20.70 0 0 1 0 0 1 1 1
Boiler on
20.70 0 0 1 0 0 1 1 1
Boiler on
20.70 0 0 1 0 0 1 1 1
Boiler on
20.70 0 0 1 0 0 1 1 1
Boiler on
20.70 0 0 1 0 0 1 1 1
Boiler on
20.70 0 0 1 0 0 1 1 1
Boiler on
20.70 0 0 1 0 0 1 1 1
Boiler on
20.70 0 0 1 0 0 1 1 1
Boiler on
20.70 0 0 1 0 0 1 1 1
Boiler on
20.70 0 0 1 0 0 1 1 1
Boiler on
20.70 0 0 1 0 0 1 1 1
Boiler on
20.70 0 0 1 0 0 1 1 1
Boiler on
20.70 0 0 1 0 0 1 1 1
Boiler on
20.70 0 0 1 0 0 1 1 1
Boiler on
20.70 0 0 1 0 0 1 1 1
Boiler on
20.70 0 0 1 0 0 1 1 1
Boiler on
20.70 0 0 1 0 0 1 1 1
Boiler on
20.70 0 0 1 0 0 1 1 1
Boiler on
20.70 0 0 1 0 0 1 1 1
Boiler on
20.73 0 0 1 0 0 1 1 1
Boiler on
20.70 0 0 1 0 0 1 1 1
Boiler on
20.70 0 0 1 0 0 1 1 1
Boiler on
20.70 0 0 1 0 0 1 1 1
Boiler on
20.70 0 0 1 0 0 1 1 1
Boiler on
20.70 0 0 1 0 0 1 1 1
Boiler on
20.73 0 0 1 0 0 1 1 1
Boiler on
20.73 0 0 1 0 0 1 1 1
Boiler on
20.76 0 0 1 0 0 1 1 1
Boiler on
20.67 0 0 1 0 0 1 1 1
Boiler on
20.76 0 0 1 0 0 1 1 1
Boiler on
20.76 0 0 1 0 0 1 1 1
Boiler on
20.76 0 0 1 0 0 1 1 1
Boiler on
20.76 0 0 1 0 0 1 1 1
Boiler on
20.76 0 0 1 0 0 1 1 1
Boiler on
20.76 0 0 1 0 0 1 1 1
Boiler on
20.76 0 0 1 0 0 1 1 1
Boiler on
20.76 0 0 1 0 0 1 1 1
Boiler on
20.76 0 0 1 0 0 1 1 1
Boiler on
20.79 0 0 1 0 0 1 1 1
Boiler on
20.76 0 0 1 0 0 1 1 1
Boiler on
20.76 0 0 1 0 0 1 1 1
Boiler on
20.76 0 0 1 0 0 1 1 1
Boiler on
20.79 0 0 1 0 0 1 1 1
Boiler on
20.79 0 0 1 0 0 1 1 1
Boiler on
20.79 0 0 1 0 0 1 1 1
Boiler on
20.79 0 0 1 0 0 1 1 1
Boiler on
20.79 0 0 1 0 0 1 1 1
Boiler on
20.79 0 0 1 0 0 1 1 1
Boiler on
20.79 0 0 1 0 0 1 1 1
Boiler on
20.82 0 0 1 0 0 1 1 1
Boiler on
20.79 0 0 1 0 0 1 1 1
Boiler on
20.79 0 0 1 0 0 1 1 1
Boiler on
20.79 0 0 1 0 0 1 1 1
Boiler on
20.79 0 0 1 0 0 1 1 1
Boiler on
20.79 0 0 1 0 0 1 1 1
Boiler on
20.79 0 0 1 0 0 1 1 1
Boiler on
20.79 0 0 1 0 0 1 1 1
Boiler on
20.79 0 0 1 0 0 1 1 1
Boiler on
20.79 0 0 1 0 0 1 1 1
Boiler on
20.79 0 0 1 0 0 1 1 1
Boiler on
20.82 0 0 1 0 0 1 1 1
Boiler on
20.79 0 0 1 0 0 1 1 1
Boiler on
20.79 0 0 1 0 0 1 1 1
Boiler on
20.79 0 0 1 0 0 1 1 1
Boiler on
20.79 0 0 1 0 0 1 1 1
Boiler on
20.79 0 0 1 0 0 1 1 1
Boiler on
20.82 0 0 1 0 0 1 1 1
Boiler on
20.79 0 0 1 0 0 1 1 1
Boiler on
20.85 0 0 1 0 0 1 1 1
Boiler on
20.85 0 0 1 0 0 1 1 1
Boiler on
20.85 0 0 1 0 0 1 1 1
Boiler on
20.85 0 0 1 0 0 1 1 1
Boiler on
20.85 0 0 1 0 0 1 1 1
Boiler on
20.85 0 0 1 0 0 1 1 1
Boiler on
20.85 0 0 1 0 0 1 1 1
Boiler on
20.88 0 0 1 0 0 1 1 1
Boiler on
20.88 0 0 1 0 0 1 1 1
Boiler on
20.88 0 0 1 0 0 1 1 1
Boiler on
20.88 0 0 1 0 0 1 1 1
Boiler on
20.88 0 0 1 0 0 1 1 1
Boiler on
20.88 0 0 1 0 0 1 1 1
Boiler on
20.88 0 0 1 0 0 1 1 1
Boiler on
20.88 0 0 1 0 0 1 1 1
Boiler on
20.88 0 0 1 0 0 1 1 1
Boiler on
20.88 0 0 1 0 0 1 1 1
Boiler on
20.92 0 0 1 0 0 1 1 1
Boiler on
20.92 0 0 1 0 0 1 1 1
Boiler on
20.92 0 0 1 0 0 1 1 1
Boiler on
20.92 0 0 1 0 0 1 1 1
Boiler on
20.92 0 0 1 0 0 1 1 1
Boiler on
20.95 0 0 1 0 0 1 1 1
Boiler on
20.98 0 0 1 0 0 1 1 1
Boiler on
20.98 0 0 1 0 0 1 1 1
Boiler on
20.98 0 0 1 0 0 1 1 1
Boiler on
20.98 0 0 1 0 0 1 1 1
Boiler on
20.98 0 0 1 0 0 1 1 1
Boiler on
20.98 0 0 1 0 0 1 1 1
Boiler on
21.04 0 0 1 0 0 1 1 1
Boiler on
20.98 0 0 1 0 0 1 1 1
Boiler on
21.01 0 0 1 0 0 1 1 1
Boiler on
21.01 0 0 1 0 0 1 1 1
Boiler on
21.01 0 0 1 0 0 1 1 1
Boiler on
21.01 0 0 1 0 0 1 1 1
Boiler on
21.01 0 0 1 0 0 1 1 1
Boiler on
21.01 0 0 1 0 0 1 1 1
Boiler on
21.01 0 0 1 0 0 1 1 1
Boiler on
21.01 0 0 1 0 0 1 1 1
Boiler on
21.01 0 0 1 0 0 1 1 1
Boiler on
21.01 0 0 1 0 0 1 1 1
Boiler on
21.04 0 0 1 0 0 1 1 1
Boiler on
21.07 0 0 1 0 0 1 1 1
Boiler on
21.07 0 0 1 0 0 1 1 1
Boiler on
21.07 0 0 1 0 0 1 1 1
Boiler on
21.07 0 0 1 0 0 1 1 1
Boiler on
21.07 0 0 1 0 0 1 1 1
Boiler on
21.10 0 0 1 0 0 1 1 1
Boiler on
21.07 0 0 1 0 0 1 1 1
Boiler on
21.07 0 0 1 0 0 1 1 1
Boiler on
21.10 0 0 1 0 0 1 1 1
Boiler on
21.10 0 0 1 0 0 1 1 1
Boiler on
21.10 0 0 1 0 0 1 1 1
Boiler on
21.10 0 0 1 0 0 1 1 1
Boiler on
21.10 0 0 1 0 0 1 1 1
Boiler on
21.10 0 0 1 0 0 1 1 1
Boiler on
21.10 0 0 1 0 0 1 1 1
Boiler on
21.10 0 0 1 0 0 1 1 1
Boiler on
21.10 0 0 1 0 0 1 1 1
Boiler on
21.10 0 0 1 0 0 1 1 1
Boiler on
21.10 0 0 1 0 0 1 1 1
Boiler on
21.10 0 0 1 0 0 1 1 1
Boiler on
21.10 0 0 1 0 0 1 1 1
Boiler on
21.10 0 0 1 0 0 1 1 1
Boiler on
21.10 0 0 1 0 0 1 1 1
Boiler on
21.10 0 0 1 0 0 1 1 1
Boiler on
21.13 0 0 1 0 0 1 1 1
Boiler on
21.13 0 0 1 0 0 1 1 1
Boiler on
21.16 0 0 1 0 0 1 1 1
Boiler on
21.16 0 0 1 0 0 1 1 1
Boiler on
21.13 0 0 1 0 0 1 1 1
Boiler on
21.16 0 0 1 0 0 1 1 1
Boiler on
21.16 0 0 1 0 0 1 1 1
Boiler on
21.16 0 0 1 0 0 1 1 1
Boiler on
21.16 0 0 1 0 0 1 1 1
Boiler on
21.16 0 0 1 0 0 1 1 1
Boiler on
21.16 0 0 1 0 0 1 1 1
Boiler on
21.16 0 0 1 0 0 1 1 1
Boiler on
21.16 0 0 1 0 0 1 1 1
Boiler on
21.16 0 0 1 0 0 1 1 1
Boiler on
21.16 0 0 1 0 0 1 1 1
Boiler on
21.16 0 0 1 0 0 1 1 1
Boiler on
21.16 0 0 1 0 0 1 1 1
Boiler on
21.16 0 0 1 0 0 1 1 1
Boiler on
21.16 0 0 1 0 0 1 1 1
Boiler on
21.16 0 0 1 0 0 1 1 1
Boiler on
21.16 0 0 1 0 0 1 1 1
Boiler on
21.16 0 0 1 0 0 1 1 1
Boiler on
21.16 0 0 1 0 0 1 1 1
Boiler on
21.16 0 0 1 0 0 1 1 1
Boiler on
21.16 0 0 1 0 0 1 1 1
Boiler on
21.16 0 0 1 0 0 1 1 1
Boiler on
21.16 0 0 1 0 0 1 1 1
Boiler on
21.19 0 0 1 0 0 1 1 1
Boiler on
21.16 0 0 1 0 0 1 1 1
Boiler on
21.16 0 0 1 0 0 1 1 1
Boiler on
21.16 0 0 1 0 0 1 1 1
Boiler on
21.19 0 0 1 0 0 1 1 1
Boiler on
21.19 0 0 1 0 0 1 1 1
Boiler on
21.19 0 0 1 0 0 1 1 1
Boiler on
21.19 0 0 1 0 0 1 1 1
Boiler on
21.22 0 0 1 0 0 1 1 1
Boiler on
21.25 0 0 1 0 0 1 1 1
Boiler on
21.22 0 0 1 0 0 1 1 1
Boiler on
21.25 0 0 1 0 0 1 1 1
Boiler on
21.25 0 0 1 0 0 1 1 1
Boiler on
21.25 0 0 1 0 0 1 1 1
Boiler on
21.25 0 0 1 0 0 1 1 1
Boiler on
21.25 0 0 1 0 0 1 1 1
Boiler on
21.25 0 0 1 0 0 1 1 1
Boiler on
21.25 0 0 1 0 0 1 1 1
Boiler on
21.29 0 0 1 0 0 1 1 1
Boiler on
21.25 0 0 1 0 0 1 1 1
Boiler on
21.29 0 0 1 0 0 1 1 1
Boiler on
21.29 0 0 1 0 0 1 1 1
Boiler on
21.29 0 0 1 0 0 1 1 1
Boiler on
21.29 0 0 1 0 0 1 1 1
Boiler on
21.32 0 0 1 0 0 1 1 1
Boiler on
21.29 0 0 1 0 0 1 1 1
Boiler on
21.29 0 0 1 0 0 1 1 1
Boiler on
21.32 0 0 1 0 0 1 1 1
Boiler on
21.35 0 0 1 0 0 1 1 1
Boiler on
21.35 0 0 1 0 0 1 1 1
Boiler on
21.38 0 0 1 0 0 1 1 1
Boiler on
21.35 0 0 1 0 0 1 1 1
Boiler on
21.38 0 0 1 0 0 1 1 1
Boiler on
21.35 0 0 1 0 0 1 1 1
Boiler on
21.38 0 0 1 0 0 1 1 1
Boiler on
21.41 0 0 1 0 0 1 1 1
Boiler on
21.38 0 0 1 0 0 1 1 1
Boiler on
21.38 0 0 1 0 0 1 1 1
Boiler on
21.38 0 0 1 0 0 1 1 1
Boiler on
21.41 0 0 1 0 0 1 1 1
Boiler on
21.38 0 0 1 0 0 1 1 1
Boiler on
21.38 0 0 1 0 0 1 1 1
Boiler on
21.44 0 0 1 0 0 1 1 1
Boiler on
21.44 0 0 1 0 0 1 1 1
Boiler on
21.44 0 0 1 0 0 1 1 1
Boiler on
21.44 0 0 1 0 0 1 1 1
Boiler on
21.44 0 0 1 0 0 1 1 1
Boiler on
21.44 0 0 1 0 0 1 1 1
Boiler on
21.44 0 0 1 0 0 1 1 1
Boiler on
21.44 0 0 1 0 0 1 1 1
Boiler on
21.44 0 0 1 0 0 1 1 1
Boiler on
21.44 0 0 1 0 0 1 1 1
Boiler on
21.44 0 0 1 0 0 1 1 1
Boiler on
21.44 0 0 1 0 0 1 1 1
Boiler on
21.44 0 0 1 0 0 1 1 1
Boiler on
21.47 0 0 1 0 0 1 1 1
Boiler on
21.44 0 0 1 0 0 1 1 1
Boiler on
21.44 0 0 1 0 0 1 1 1
Boiler on
21.47 0 0 1 0 0 1 1 1
Boiler on
21.47 0 0 1 0 0 1 1 1
Boiler on
21.47 0 0 1 0 0 1 1 1
Boiler on
21.47 0 0 1 0 0 1 1 1
Boiler on
21.47 0 0 1 0 0 1 1 1
Boiler on
21.47 0 0 1 0 0 1 1 1
Boiler on
21.47 0 0 1 0 0 1 1 1
Boiler on
21.47 0 0 1 0 0 1 1 1
Boiler on
21.53 0 0 1 0 0 1 1 1
Boiler on
21.50 0 0 1 0 0 1 1 1
Boiler on
21.53 0 0 1 0 0 1 1 1
Boiler on
21.53 0 0 1 0 0 1 1 1
Boiler on
21.53 0 0 1 0 0 1 1 1
Boiler on
21.59 0 0 1 0 0 1 1 1
Boiler on
21.56 0 0 1 0 0 1 1 1
Boiler on
21.56 0 0 1 0 0 1 1 1
Boiler on
21.56 0 0 1 0 0 1 1 1
Boiler on
21.56 0 0 1 0 0 1 1 1
Boiler on
21.56 0 0 1 0 0 1 1 1
Boiler on
21.56 0 0 1 0 0 1 1 1
Boiler on
21.56 0 0 1 0 0 1 1 1
Boiler on
21.56 0 0 1 0 0 1 1 1
Boiler on
21.56 0 0 1 0 0 1 1 1
Boiler on
21.56 0 0 1 0 0 1 1 1
Boiler on
21.62 0 0 1 0 0 1 1 1
Boiler on
21.59 0 0 1 0 0 1 1 1
Boiler on
21.62 0 0 1 0 0 1 1 1
Boiler on
21.62 0 0 1 0 0 1 1 1
Boiler on
21.62 0 0 1 0 0 1 1 1
Boiler on
21.62 0 0 1 0 0 1 1 1
Boiler on
21.62 0 0 1 0 0 1 1 1
Boiler on
21.62 0 0 1 0 0 1 1 1
Boiler on
21.66 0 0 1 0 0 1 1 1
Boiler on
21.66 0 0 1 0 0 1 1 1
Boiler on
21.66 0 0 1 0 0 1 1 1
Boiler on
21.66 0 0 1 0 0 1 1 1
Boiler on
21.66 0 0 1 0 0 1 1 1
Boiler on
21.66 0 0 1 0 0 1 1 1
Boiler on
21.66 0 0 1 0 0 1 1 1
Boiler on
21.66 0 0 1 0 0 1 1 1
Boiler on
21.69 0 0 1 0 0 1 1 1
Boiler on
21.66 0 0 1 0 0 1 1 1
Boiler on
21.69 0 0 1 0 0 1 1 1
Boiler on
21.66 0 0 1 0 0 1 1 1
Boiler on
21.66 0 0 1 0 0 1 1 1
Boiler on
21.66 0 0 1 0 0 1 1 1
Boiler on
21.69 0 0 1 0 0 1 1 1
Boiler on
21.66 0 0 1 0 0 1 1 1
Boiler on
21.69 0 0 1 0 0 1 1 1
Boiler on
21.72 0 0 1 0 0 1 1 1
Boiler on
21.72 0 0 1 0 0 1 1 1
Boiler on
21.72 0 0 1 0 0 1 1 1
Boiler on
21.72 0 0 1 0 0 1 1 1
Boiler on
21.72 0 0 1 0 0 1 1 1
Boiler on
21.72 0 0 1 0 0 1 1 1
Boiler on
21.72 0 0 1 0 0 1 1 1
Boiler on
21.72 0 0 1 0 0 1 1 1
Boiler on
21.72 0 0 1 0 0 1 1 1
Boiler on
21.75 0 0 1 0 0 1 1 1
Boiler on
21.75 0 0 1 0 0 1 1 1
Boiler on
21.75 0 0 1 0 0 1 1 1
Boiler on
21.75 0 0 1 0 0 1 1 1
Boiler on
21.75 0 0 1 0 0 1 1 1
Boiler on
21.75 0 0 1 0 0 1 1 1
Boiler on
21.72 0 0 1 0 0 1 1 1
Boiler on
21.75 0 0 1 0 0 1 1 1
Boiler on
21.75 0 0 1 0 0 1 1 1
Boiler on
21.75 0 0 1 0 0 1 1 1
Boiler on
21.75 0 0 1 0 0 1 1 1
Boiler on
21.72 0 0 1 0 0 1 1 1
Boiler on
21.75 0 0 1 0 0 1 1 1
Boiler on
21.75 0 0 1 0 0 1 1 1
Boiler on
21.81 0 0 1 0 0 1 1 1
Boiler on
21.78 0 0 1 0 0 1 1 1
Boiler on
21.81 0 0 1 0 0 1 1 1
Boiler on
21.81 0 0 1 0 0 1 1 1
Boiler on
21.81 0 0 1 0 0 1 1 1
Boiler on
21.81 0 0 1 0 0 1 1 1
Boiler on
21.81 0 0 1 0 0 1 1 1
Boiler on
21.81 0 0 1 0 0 1 1 1
Boiler on
21.81 0 0 1 0 0 1 1 1
Boiler on
21.81 0 0 1 0 0 1 1 1
Boiler on
21.81 0 0 1 0 0 1 1 1
Boiler on
21.93 0 0 1 0 0 1 1 1
Boiler on
21.84 0 0 1 0 0 1 1 1
Boiler on
21.81 0 0 1 0 0 1 1 1
Boiler on
21.84 0 0 1 0 0 1 1 1
Boiler on
21.84 0 0 1 0 0 1 1 1
Boiler on
21.84 0 0 1 0 0 1 1 1
Boiler on
21.84 0 0 1 0 0 1 1 1
Boiler on
21.84 0 0 1 0 0 1 1 1
Boiler on
21.87 0 0 1 0 0 1 1 1
Boiler on
21.84 0 0 1 0 0 1 1 1
Boiler on
21.84 0 0 1 0 0 1 1 1
Boiler on
21.87 0 0 1 0 0 1 1 1
Boiler on
21.90 0 0 1 0 0 1 1 1
Boiler on
21.90 0 0 1 0 0 1 1 1
Boiler on
21.90 0 0 1 0 0 1 1 1
Boiler on
21.90 0 0 1 0 0 1 1 1
Boiler on
21.90 0 0 1 0 0 1 1 1
Boiler on
21.90 0 0 1 0 0 1 1 1
Boiler on
21.90 0 0 1 0 0 1 1 1
Boiler on
21.93 0 0 1 0 0 1 1 1
Boiler on
21.93 0 0 1 0 0 1 1 1
Boiler on
21.93 0 0 1 0 0 1 1 1
Boiler on
21.93 0 0 1 0 0 1 1 1
Boiler on
21.93 0 0 1 0 0 1 1 1
Boiler on
22.02 0 0 1 0 0 1 1 1
Boiler on
21.93 0 0 1 0 0 1 1 1
Boiler on
21.93 0 0 1 0 0 1 1 1
Boiler on
21.93 0 0 1 0 0 1 1 1
Boiler on
21.96 0 0 1 0 0 1 1 1
Boiler on
21.99 0 0 1 0 0 1 1 1
Boiler on
21.96 0 0 1 0 0 1 1 1
Boiler on
21.99 0 0 1 0 0 1 1 1
Boiler on
21.99 0 0 1 0 0 1 1 1
Boiler on
22.02 0 0 1 0 0 1 1 1
Boiler on
22.02 0 0 1 0 0 1 1 1
Boiler on
22.02 0 0 1 0 0 1 1 1
Boiler on
22.02 0 0 1 0 0 1 1 1
Boiler on
22.02 0 0 1 0 0 1 1 1
Boiler on
22.02 0 0 1 0 0 1 1 1
Boiler on
22.02 0 0 1 0 0 1 1 1
Boiler on
22.02 0 0 1 0 0 1 1 1
Boiler on
22.02 0 0 1 0 0 1 1 1
Boiler on
22.02 0 0 1 0 0 1 1 1
Boiler on
22.08 0 0 1 0 0 1 1 1
Boiler on
22.05 0 0 1 0 0 1 1 1
Boiler on
22.08 0 0 1 0 0 1 1 1
Boiler on
22.08 0 0 1 0 0 1 1 1
Boiler on
22.08 0 0 1 0 0 1 1 1
Boiler on
22.12 0 0 1 0 0 1 1 1
Boiler on
22.12 0 0 1 0 0 1 1 1
Boiler on
22.12 0 0 1 0 0 1 1 1
Boiler on
22.12 0 0 1 0 0 1 1 1
Boiler on
22.12 0 0 1 0 0 1 1 1
Boiler on
22.12 0 0 1 0 0 1 1 1
Boiler on
22.12 0 0 1 0 0 1 1 1
Boiler on
22.12 0 0 1 0 0 1 1 1
Boiler on
22.12 0 0 1 0 0 1 1 1
Boiler on
22.12 0 0 1 0 0 1 1 1
Boiler on
22.12 0 0 1 0 0 1 1 1
Boiler on
22.12 0 0 1 0 0 1 1 1
Boiler on
22.12 0 0 1 0 0 1 1 1
Boiler on
22.15 0 0 1 0 0 1 1 1
Boiler on
22.15 0 0 1 0 0 1 1 1
Boiler on
22.15 0 0 1 0 0 1 1 1
Boiler on
22.18 0 0 1 0 0 1 1 1
Boiler on
22.15 0 0 1 0 0 1 1 1
Boiler on
22.21 0 0 1 0 0 1 1 1
Boiler on
22.21 0 0 1 0 0 1 1 1
Boiler on
22.21 0 0 1 0 0 1 1 1
Boiler on
22.21 0 0 1 0 0 1 1 1
Boiler on
22.21 0 0 1 0 0 1 1 1
Boiler on
22.21 0 0 1 0 0 1 1 1
Boiler on
22.21 0 0 1 0 0 1 1 1
Boiler on
22.21 0 0 1 0 0 1 1 1
Boiler on
22.21 0 0 1 0 0 1 1 1
Boiler on
22.21 0 0 1 0 0 1 1 1
Boiler on
22.21 0 0 1 0 0 1 1 1
Boiler on
22.21 0 0 1 0 0 1 1 1
Boiler on
22.24 0 0 1 0 0 1 1 1
Boiler on
22.24 0 0 1 0 0 1 1 1
Boiler on
22.24 0 0 1 0 0 1 1 1
Boiler on
22.24 0 0 1 0 0 1 1 1
Boiler on
22.27 0 0 1 0 0 1 1 1
Boiler on
22.27 0 0 1 0 0 1 1 1
Boiler on
22.30 0 0 1 0 0 1 1 1
Boiler on
22.30 0 0 1 0 0 1 1 1
Boiler on
22.30 0 0 1 0 0 1 1 1
Boiler on
22.30 0 0 1 0 0 1 1 1
Boiler on
22.30 0 0 1 0 0 1 1 1
Boiler on
22.30 0 0 1 0 0 1 1 1
Boiler on
22.30 0 0 1 0 0 1 1 1
Boiler on
22.33 0 0 1 0 0 1 1 1
Boiler on
22.30 0 0 1 0 0 1 1 1
Boiler on
22.30 0 0 1 0 0 1 1 1
Boiler on
22.30 0 0 1 0 0 1 1 1
Boiler on
22.30 0 0 1 0 0 1 1 1
Boiler on
22.30 0 0 1 0 0 1 1 1
Boiler on
22.30 0 0 1 0 0 1 1 1
Boiler on
22.33 0 0 1 0 0 1 1 1
Boiler on
22.33 0 0 1 0 0 1 1 1
Boiler on
22.33 0 0 1 0 0 1 1 1
Boiler on
22.36 0 0 1 0 0 1 1 1
Boiler on
22.36 0 0 1 0 0 1 1 1
Boiler on
22.36 0 0 1 0 0 1 1 1
Boiler on
22.39 0 0 1 0 0 1 1 1
Boiler on
22.39 0 0 1 0 0 1 1 1
Boiler on
22.39 0 0 1 0 0 1 1 1
Boiler on
22.39 0 0 1 0 0 1 1 1
Boiler on
22.39 0 0 1 0 0 1 1 1
Boiler on
22.39 0 0 1 0 0 1 1 1
Boiler on
22.39 0 0 1 0 0 1 1 1
Boiler on
22.39 0 0 1 0 0 1 1 1
Boiler on
22.39 0 0 1 0 0 1 1 1
Boiler on
22.39 0 0 1 0 0 1 1 1
Boiler on
22.45 0 0 1 0 0 1 1 1
Boiler on
22.45 0 0 1 0 0 1 1 1
Boiler on
22.49 0 0 1 0 0 1 1 1
Boiler on
22.43 0 0 1 0 0 1 1 1
Boiler on
22.49 0 0 1 0 0 1 1 1
Boiler on
22.49 0 0 1 0 0 1 1 1
Boiler on
22.49 0 0 1 0 0 1 1 1
Boiler on
22.49 0 0 1 0 0 1 1 1
Boiler on
22.49 0 0 1 0 0 1 1 1
Boiler on
22.49 0 0 1 0 0 1 1 1
Boiler on
22.55 0 0 1 0 0 1 1 1
Boiler on
22.58 0 0 1 0 0 1 1 1
Boiler on
22.58 0 0 1 0 0 1 1 1
Boiler on
22.58 0 0 1 0 0 1 1 1
Boiler on
22.58 0 0 1 0 0 1 1 1
Boiler on
22.58 0 0 1 0 0 1 1 1
Boiler on
22.58 0 0 1 0 0 1 1 1
Boiler on
22.58 0 0 1 0 0 1 1 1
Boiler on
22.58 0 0 1 0 0 1 1 1
Boiler on
22.58 0 0 1 0 0 1 1 1
Boiler on
22.64 0 0 1 0 0 1 1 1
Boiler on
22.67 0 0 1 0 0 1 1 1
Boiler on
22.67 0 0 1 0 0 1 1 1
Boiler on
22.61 0 0 1 0 0 1 1 1
Boiler on
22.70 0 0 1 0 0 1 1 1
Boiler on
22.67 0 0 1 0 0 1 1 1
Boiler on
22.67 0 0 1 0 0 1 1 1
Boiler on
22.67 0 0 1 0 0 1 1 1
Boiler on
22.70 0 0 1 0 0 1 1 1
Boiler on
22.73 0 0 1 0 0 1 1 1
Boiler on
22.76 0 0 1 0 0 1 1 1
Boiler on
22.76 0 0 1 0 0 1 1 1
Boiler on
22.76 0 0 1 0 0 1 1 1
Boiler on
22.76 0 0 1 0 0 1 1 1
Boiler on
22.76 0 0 1 0 0 1 1 1
Boiler on
22.76 0 0 1 0 0 1 1 1
Boiler on
22.79 0 0 1 0 0 1 1 1
Boiler on
22.82 0 0 1 0 0 1 1 1
Boiler on
22.82 0 0 1 0 0 1 1 1
Boiler on
22.82 0 0 1 0 0 1 1 1
Boiler on
22.85 0 0 1 0 0 1 1 1
Boiler on
22.79 0 0 1 0 0 1 1 1
Boiler on
22.76 0 0 1 0 0 1 1 1
Boiler on
22.85 0 0 1 0 0 1 1 1
Boiler on
22.85 0 0 1 0 0 1 1 1
Boiler on
22.85 0 0 1 0 0 1 1 1
Boiler on
22.85 0 0 1 0 0 1 1 1
Boiler on
22.85 0 0 1 0 0 1 1 1
Boiler on
22.88 0 0 1 0 0 1 1 1
Boiler on
22.88 0 0 1 0 0 1 1 1
Boiler on
22.94 0 0 1 0 0 1 1 1
Boiler on
22.91 0 0 1 0 0 1 1 1
Boiler on
22.91 0 0 1 0 0 1 1 1
Boiler on
22.94 0 0 1 0 0 1 1 1
Boiler on
22.94 0 0 1 0 0 1 1 1
Boiler on
22.94 0 0 1 0 0 1 1 1
Boiler on
22.94 0 0 1 0 0 1 1 1
Boiler on
22.94 0 0 1 0 0 1 1 1
Boiler on
22.94 0 0 1 0 0 1 1 1
Boiler on
22.97 0 0 1 0 0 1 1 1
Boiler on
22.94 0 0 1 0 0 1 1 1
Boiler on
22.94 0 0 1 0 0 1 1 1
Boiler on
22.94 0 0 1 0 0 1 1 1
Boiler on
22.94 0 0 1 0 0 1 1 1
Boiler on
23.00 0 0 1 0 0 1 1 1
Boiler on
23.00 0 0 1 0 0 1 1 1
Boiler on
23.00 0 0 1 0 0 1 1 1
Boiler on
23.04 0 0 1 0 0 1 1 1
Boiler on
23.04 0 0 1 0 0 1 1 1
Boiler on
23.01 0 0 1 0 0 1 1 1
Boiler on
23.04 0 0 1 0 0 1 1 1
Boiler on
23.07 0 0 1 0 0 1 1 1
Boiler on
23.04 0 0 1 0 0 1 1 1
Boiler on
23.10 0 0 1 0 0 1 1 1
Boiler on
23.13 0 0 1 0 0 1 1 1
Boiler on
23.13 0 0 1 0 0 1 1 1
Boiler on
23.13 0 0 1 0 0 1 1 1
Boiler on
23.16 0 0 1 0 0 1 1 1
Boiler on
23.16 0 0 1 0 0 1 1 1
Boiler on
23.19 0 0 1 0 0 1 1 1
Boiler on
23.19 0 0 1 0 0 1 1 1
Boiler on
23.19 0 0 1 0 0 1 1 1
Boiler on
23.19 0 0 1 0 0 1 1 1
Boiler on
23.16 0 0 1 0 0 1 1 1
Boiler on
23.28 0 0 1 0 0 1 1 1
Boiler on
23.22 0 0 1 0 0 1 1 1
Boiler on
23.22 0 0 1 0 0 1 1 1
Boiler on
23.22 0 0 1 0 0 1 1 1
Boiler on
23.25 0 0 1 0 0 1 1 1
Boiler on
23.28 0 0 1 0 0 1 1 1
Boiler on
23.28 0 0 1 0 0 1 1 1
Boiler on
23.28 0 0 1 0 0 1 1 1
Boiler on
23.28 0 0 1 0 0 1 1 1
Boiler on
23.28 0 0 1 0 0 1 1 1
Boiler on
23.28 0 0 1 0 0 1 1 1
Boiler on
23.28 0 0 1 0 0 1 1 1
Boiler on
23.28 0 0 1 0 0 1 1 1
Boiler on
23.31 0 0 1 0 0 1 1 1
Boiler on
23.31 0 0 1 0 0 1 1 1
Boiler on
23.34 0 0 1 0 0 1 1 1
Boiler on
23.37 0 0 1 0 0 1 1 1
Boiler on
23.37 0 0 1 0 0 1 1 1
Boiler on
23.37 0 0 1 0 0 1 1 1
Boiler on
23.40 0 0 1 0 0 1 1 1
Boiler on
23.37 0 0 1 0 0 1 1 1
Boiler on
23.37 0 0 1 0 0 1 1 1
Boiler on
23.37 0 0 1 0 0 1 1 1
Boiler on
23.40 0 0 1 0 0 1 1 1
Boiler on
23.37 0 0 1 0 0 1 1 1
Boiler on
23.40 0 0 1 0 0 1 1 1
Boiler on
23.43 0 0 1 0 0 1 1 1
Boiler on
23.43 0 0 1 0 0 1 1 1
Boiler on
23.46 0 0 1 0 0 1 1 1
Boiler on
23.46 0 0 1 0 0 1 1 1
Boiler on
23.46 0 0 1 0 0 1 1 1
Boiler on
23.46 0 0 1 0 0 1 1 1
Boiler on
23.46 0 0 1 0 0 1 1 1
Boiler on
23.46 0 0 1 0 0 1 1 1
Boiler on
23.46 0 0 1 0 0 1 1 1
Boiler on
23.46 0 0 1 0 0 1 1 1
Boiler on
23.43 0 0 1 0 0 1 1 1
Boiler on
23.50 0 0 1 0 0 1 1 1
Boiler on
23.53 0 0 1 0 0 1 1 1
Boiler on
23.56 0 0 1 0 0 1 1 1
Boiler on
23.47 0 0 1 0 0 1 1 1
Boiler on
23.56 0 0 1 0 0 1 1 1
Boiler on
23.56 0 0 1 0 0 1 1 1
Boiler on
23.56 0 0 1 0 0 1 1 1
Boiler on
23.56 0 0 1 0 0 1 1 1
Boiler on
23.56 0 0 1 0 0 1 1 1
Boiler on
23.56 0 0 1 0 0 1 1 1
Boiler on
23.56 0 0 1 0 0 1 1 1
Boiler on
23.56 0 0 1 0 0 1 1 1
Boiler on
23.56 0 0 1 0 0 1 1 1
Boiler on
23.56 0 0 1 0 0 1 1 1
Boiler on
23.59 0 0 1 0 0 1 1 1
Boiler on
23.62 0 0 1 0 0 1 1 1
Boiler on
23.65 0 0 1 0 0 1 1 1
Boiler on
23.62 0 0 1 0 0 1 1 1
Boiler on
23.65 0 0 1 0 0 1 1 1
Boiler on
23.65 0 0 1 0 0 1 1 1
Boiler on
23.65 0 0 1 0 0 1 1 1
Boiler on
23.65 0 0 1 0 0 1 1 1
Boiler on
23.65 0 0 1 0 0 1 1 1
Boiler on
23.65 0 0 1 0 0 1 1 1
Boiler on
23.68 0 0 1 0 0 1 1 1
Boiler on
23.65 0 0 1 0 0 1 1 1
Boiler on
23.65 0 0 1 0 0 1 1 1
Boiler on
23.65 0 0 1 0 0 1 1 1
Boiler on
23.65 0 0 1 0 0 1 1 1
Boiler on
23.71 0 0 1 0 0 1 1 1
Boiler on
23.68 0 0 1 0 0 1 1 1
Boiler on
23.71 0 0 1 0 0 1 1 1
Boiler on
23.74 0 0 1 0 0 1 1 1
Boiler on
23.71 0 0 1 0 0 1 1 1
Boiler on
23.74 0 0 1 0 0 1 1 1
Boiler on
23.74 0 0 1 0 0 1 1 1
Boiler on
23.74 0 0 1 0 0 1 1 1
Boiler on
23.74 0 0 1 0 0 1 1 1
Boiler on
23.74 0 0 1 0 0 1 1 1
Boiler on
23.77 0 0 1 0 0 1 1 1
Boiler on
23.74 0 0 1 0 0 1 1 1
Boiler on
23.74 0 0 1 0 0 1 1 1
Boiler on
23.74 0 0 1 0 0 1 1 1
Boiler on
23.74 0 0 1 0 0 1 1 1
Boiler on
23.74 0 0 1 0 0 1 1 1
Boiler on
23.74 0 0 1 0 0 1 1 1
Boiler on
23.74 0 0 1 0 0 1 1 1
Boiler on
23.74 0 0 1 0 0 1 1 1
Boiler on
23.74 0 0 1 0 0 1 1 1
Boiler on
23.77 0 0 1 0 0 1 1 1
Boiler on
23.83 0 0 1 0 0 1 1 1
Boiler on
23.83 0 0 1 0 0 1 1 1
Boiler on
23.83 0 0 1 0 0 1 1 1
Boiler on
23.83 0 0 1 0 0 1 1 1
Boiler on
23.83 0 0 1 0 0 1 1 1
Boiler on
23.83 0 0 1 0 0 1 1 1
Boiler on
23.83 0 0 1 0 0 1 1 1
Boiler on
23.83 0 0 1 0 0 1 1 1
Boiler on
23.83 0 0 1 0 0 1 1 1
Boiler on
23.80 0 0 1 0 0 1 1 1
Boiler on
23.86 0 0 1 0 0 1 1 1
Boiler on
23.92 0 0 1 0 0 1 1 1
Boiler on
23.86 0 0 1 0 0 1 1 1
Boiler on
23.89 0 0 1 0 0 1 1 1
Boiler on
23.89 0 0 1 0 0 1 1 1
Boiler on
23.92 0 0 1 0 0 1 1 1
Boiler on
23.95 0 0 1 0 0 1 1 1
Boiler on
23.92 0 0 1 0 0 1 1 1
Boiler on
23.92 0 0 1 0 0 1 1 1
Boiler on
23.92 0 0 1 0 0 1 1 1
Boiler on
23.92 0 0 1 0 0 1 1 1
Boiler on
23.92 0 0 1 0 0 1 1 1
Boiler on
23.92 0 0 1 0 0 1 1 1
Boiler on
23.92 0 0 1 0 0 1 1 1
Boiler on
23.92 0 0 1 0 0 1 1 1
Boiler on
23.92 0 0 1 0 0 1 1 1
Boiler on
23.92 0 0 1 0 0 1 1 1
Boiler on
23.92 0 0 1 0 0 1 1 1
Boiler on
23.92 0 0 1 0 0 1 1 1
Boiler on
23.92 0 0 1 0 0 1 1 1
Boiler on
23.92 0 0 1 0 0 1 1 1
Boiler on
23.92 0 0 1 0 0 1 1 1
Boiler on
23.92 0 0 1 0 0 1 1 1
Boiler on
23.92 0 0 1 0 0 1 1 1
Boiler on
23.92 0 0 1 0 0 1 1 1
Boiler on
23.95 0 0 1 0 0 1 1 1
Boiler on
23.95 0 0 1 0 0 1 1 1
Boiler on
24.01 0 0 1 0 0 1 1 1
Boiler on
24.01 0 0 1 0 0 1 1 1
Boiler on
24.01 0 0 1 0 0 1 1 1
Boiler on
24.01 0 0 1 0 0 1 1 1
Boiler on
24.01 0 0 1 0 0 1 1 1
Boiler on
24.01 0 0 1 0 0 1 1 1
Boiler on
24.01 0 0 1 0 0 1 1 1
Boiler on
24.01 0 0 1 0 0 1 1 1
Boiler on
24.01 0 0 1 0 0 1 1 1
Boiler on
24.01 0 0 1 0 0 1 1 1
Boiler on
24.01 0 0 1 0 0 1 1 1
Boiler on
24.04 0 0 1 0 0 1 1 1
Boiler on
24.04 0 0 1 0 0 1 1 1
Boiler on
24.07 0 0 1 0 0 1 1 1
Boiler on
24.07 0 0 1 0 0 1 1 1
Boiler on
24.10 0 0 1 0 0 1 1 1
Boiler on
24.10 0 0 1 0 0 1 1 1
Boiler on
24.10 0 0 1 0 0 1 1 1
Boiler on
24.14 0 0 1 0 0 1 1 1
Boiler on
24.10 0 0 1 0 0 1 1 1
Boiler on
24.17 0 0 1 0 0 1 1 1
Boiler on
24.23 0 0 1 0 0 1 1 1
Boiler on
24.17 0 0 1 0 0 1 1 1
Boiler on
24.17 0 0 1 0 0 1 1 1
Boiler on
24.17 0 0 1 0 0 1 1 1
Boiler on
24.17 0 0 1 0 0 1 1 1
Boiler on
24.17 0 0 1 0 0 1 1 1
Boiler on
24.20 0 0 1 0 0 1 1 1
Boiler on
24.20 0 0 1 0 0 1 1 1
Boiler on
24.20 0 0 1 0 0 1 1 1
Boiler on
24.20 0 0 1 0 0 1 1 1
Boiler on
24.17 0 0 1 0 0 1 1 1
Boiler on
24.20 0 0 1 0 0 1 1 1
Boiler on
24.20 0 0 1 0 0 1 1 1
Boiler on
24.23 0 0 1 0 0 1 1 1
Boiler on
24.23 0 0 1 0 0 1 1 1
Boiler on
24.23 0 0 1 0 0 1 1 1
Boiler on
24.23 0 0 1 0 0 1 1 1
Boiler on
24.26 0 0 1 0 0 1 1 1
Boiler on
24.23 0 0 1 0 0 1 1 1
Boiler on
24.23 0 0 1 0 0 1 1 1
Boiler on
24.26 0 0 1 0 0 1 1 1
Boiler on
24.26 0 0 1 0 0 1 1 1
Boiler on
24.26 0 0 1 0 0 1 1 1
Boiler on
24.26 0 0 1 0 0 1 1 1
Boiler on
24.26 0 0 1 0 0 1 1 1
Boiler on
24.26 0 0 1 0 0 1 1 1
Boiler on
24.26 0 0 1 0 0 1 1 1
Boiler on
24.26 0 0 1 0 0 1 1 1
Boiler on
24.26 0 0 1 0 0 1 1 1
Boiler on
24.29 0 0 1 0 0 1 1 1
Boiler on
24.29 0 0 1 0 0 1 1 1
Boiler on
24.29 0 0 1 0 0 1 1 1
Boiler on
24.29 0 0 1 0 0 1 1 1
Boiler on
24.29 0 0 1 0 0 1 1 1
Boiler on
24.29 0 0 1 0 0 1 1 1
Boiler on
24.35 0 0 1 0 0 1 1 1
Boiler on
24.35 0 0 1 0 0 1 1 1
Boiler on
24.29 0 0 1 0 0 1 1 1
Boiler on
24.29 0 0 1 0 0 1 1 1
Boiler on
24.29 0 0 1 0 0 1 1 1
Boiler on
24.32 0 0 1 0 0 1 1 1
Boiler on
24.32 0 0 1 0 0 1 1 1
Boiler on
24.32 0 0 1 0 0 1 1 1
Boiler on
24.32 0 0 1 0 0 1 1 1
Boiler on
24.32 0 0 1 0 0 1 1 1
Boiler on
24.32 0 0 1 0 0 1 1 1
Boiler on
24.32 0 0 1 0 0 1 1 1
Boiler on
24.35 0 0 1 0 0 1 1 1
Boiler on
24.35 0 0 1 0 0 1 1 1
Boiler on
24.35 0 0 1 0 0 1 1 1
Boiler on
24.35 0 0 1 0 0 1 1 1
Boiler on
24.35 0 0 1 0 0 1 1 1
Boiler on
24.35 0 0 1 0 0 1 1 1
Boiler on
24.35 0 0 1 0 0 1 1 1
Boiler on
24.35 0 0 1 0 0 1 1 1
Boiler on
24.38 0 0 1 0 0 1 1 1
Boiler on
24.41 0 0 1 0 0 1 1 1
Boiler on
24.38 0 0 1 0 0 1 1 1
Boiler on
24.38 0 0 1 0 0 1 1 1
Boiler on
24.38 0 0 1 0 0 1 1 1
Boiler on
24.38 0 0 1 0 0 1 1 1
Boiler on
24.38 0 0 1 0 0 1 1 1
Boiler on
24.38 0 0 1 0 0 1 1 1
Boiler on
24.38 0 0 1 0 0 1 1 1
Boiler on
24.41 0 0 1 0 0 1 1 1
Boiler on
24.41 0 0 1 0 0 1 1 1
Boiler on
24.41 0 0 1 0 0 1 1 1
Boiler on
24.41 0 0 1 0 0 1 1 1
Boiler on
24.41 0 0 1 0 0 1 1 1
Boiler on
24.41 0 0 1 0 0 1 1 1
Boiler on
24.44 0 0 1 0 0 1 1 1
Boiler on
24.44 0 0 1 0 0 1 1 1
Boiler on
24.44 0 0 1 0 0 1 1 1
Boiler on
24.44 0 0 1 0 0 1 1 1
Boiler on
24.44 0 0 1 0 0 1 1 1
Boiler on
24.44 0 0 1 0 0 1 1 1
Boiler on
24.44 0 0 1 0 0 1 1 1
Boiler on
24.44 0 0 1 0 0 1 1 1
Boiler on
24.44 0 0 1 0 0 1 1 1
Boiler on
24.47 0 0 1 0 0 1 1 1
Boiler on
24.47 0 0 1 0 0 1 1 1
Boiler on
24.47 0 0 1 0 0 1 1 1
Boiler on
24.44 0 0 1 0 0 1 1 1
Boiler on
24.50 0 0 1 0 0 1 1 1
Boiler on
24.47 0 0 1 0 0 1 1 1
Boiler on
24.50 0 0 1 0 0 1 1 1
Boiler on
24.50 0 0 1 0 0 1 1 1
Boiler on
24.50 0 0 1 0 0 1 1 1
Boiler on
24.50 0 0 1 0 0 1 1 1
Boiler on
24.50 0 0 1 0 0 1 1 1
Boiler on
24.50 0 0 1 0 0 1 1 1
Boiler on
24.50 0 0 1 0 0 1 1 1
Boiler on
24.50 0 0 1 0 0 1 1 1
Boiler on
24.53 0 0 1 0 0 1 1 1
Boiler on
24.56 0 0 1 0 0 1 1 1
Boiler on
24.53 0 0 1 0 0 1 1 1
Boiler on
24.53 0 0 1 0 0 1 1 1
Boiler on
24.53 0 0 1 0 0 1 1 1
Boiler on
24.53 0 0 1 0 0 1 1 1
Boiler on
24.53 0 0 1 0 0 1 1 1
Boiler on
24.53 0 0 1 0 0 1 1 1
Boiler on
24.53 0 0 1 0 0 1 1 1
Boiler on
24.56 0 0 1 0 0 1 1 1
Boiler on
24.56 0 0 1 0 0 1 1 1
Boiler on
24.59 0 0 1 0 0 1 1 1
Boiler on
24.59 0 0 1 0 0 1 1 1
Boiler on
24.59 0 0 1 0 0 1 1 1
Boiler on
24.62 0 0 1 0 0 1 1 1
Boiler on
24.56 0 0 1 0 0 1 1 1
Boiler on
24.59 0 0 1 0 0 1 1 1
Boiler on
24.59 0 0 1 0 0 1 1 1
Boiler on
24.59 0 0 1 0 0 1 1 1
Boiler on
24.62 0 0 1 0 0 1 1 1
Boiler on
24.62 0 0 1 0 0 1 1 1
Boiler on
24.62 0 0 1 0 0 1 1 1
Boiler on
24.62 0 0 1 0 0 1 1 1
Boiler on
24.62 0 0 1 0 0 1 1 1
Boiler on
24.62 0 0 1 0 0 1 1 1
Boiler on
24.62 0 0 1 0 0 1 1 1
Boiler on
24.62 0 0 1 0 0 1 1 1
Boiler on
24.62 0 0 1 0 0 1 1 1
Boiler on
24.62 0 0 1 0 0 1 1 1
Boiler on
24.62 0 0 1 0 0 1 1 1
Boiler on
24.62 0 0 1 0 0 1 1 1
Boiler on
24.62 0 0 1 0 0 1 1 1
Boiler on
24.62 0 0 1 0 0 1 1 1
Boiler on
24.68 0 0 1 0 0 1 1 1
Boiler on
24.65 0 0 1 0 0 1 1 1
Boiler on
24.68 0 0 1 0 0 1 1 1
Boiler on
24.68 0 0 1 0 0 1 1 1
Boiler on
24.68 0 0 1 0 0 1 1 1
Boiler on
24.68 0 0 1 0 0 1 1 1
Boiler on
24.68 0 0 1 0 0 1 1 1
Boiler on
24.68 0 0 1 0 0 1 1 1
Boiler on
24.68 0 0 1 0 0 1 1 1
Boiler on
24.71 0 0 1 0 0 1 1 1
Boiler on
24.71 0 0 1 0 0 1 1 1
Boiler on
24.68 0 0 1 0 0 1 1 1
Boiler on
24.71 0 0 1 0 0 1 1 1
Boiler on
24.71 0 0 1 0 0 1 1 1
Boiler on
24.71 0 0 1 0 0 1 1 1
Boiler on
24.71 0 0 1 0 0 1 1 1
Boiler on
24.71 0 0 1 0 0 1 1 1
Boiler on
24.71 0 0 1 0 0 1 1 1
Boiler on
24.71 0 0 1 0 0 1 1 1
Boiler on
24.62 0 0 1 0 0 1 1 1
Boiler on
24.71 0 0 1 0 0 1 1 1
Boiler on
24.78 0 0 1 0 0 1 1 1
Boiler on
24.78 0 0 1 0 0 1 1 1
Boiler on
24.81 0 0 1 0 0 1 1 1
Boiler on
24.81 0 0 1 0 0 1 1 1
Boiler on
24.81 0 0 1 0 0 1 1 1
Boiler on
24.81 0 0 1 0 0 1 1 1
Boiler on
24.81 0 0 1 0 0 1 1 1
Boiler on
24.84 0 0 1 0 0 1 1 1
Boiler on
24.81 0 0 1 0 0 1 1 1
Boiler on
24.84 0 0 1 0 0 1 1 1
Boiler on
24.81 0 0 1 0 0 1 1 1
Boiler on
24.81 0 0 1 0 0 1 1 1
Boiler on
24.81 0 0 1 0 0 1 1 1
Boiler on
24.84 0 0 1 0 0 1 1 1
Boiler on
24.84 0 0 1 0 0 1 1 1
Boiler on
24.84 0 0 1 0 0 1 1 1
Boiler on
24.84 0 0 1 0 0 1 1 1
Boiler on
24.87 0 0 1 0 0 1 1 1
Boiler on
24.90 0 0 1 0 0 1 1 1
Boiler on
24.90 0 0 1 0 0 1 1 1
Boiler on
24.90 0 0 1 0 0 1 1 1
Boiler on
24.90 0 0 1 0 0 1 1 1
Boiler on
24.90 0 0 1 0 0 1 1 1
Boiler on
24.90 0 0 1 0 0 1 1 1
Boiler on
24.90 0 0 1 0 0 1 1 1
Boiler on
24.90 0 0 1 0 0 1 1 1
Boiler on
24.90 0 0 1 0 0 1 1 1
Boiler on
24.90 0 0 1 0 0 1 1 1
Boiler on
24.90 0 0 1 0 0 1 1 1
Boiler on
24.90 0 0 1 0 0 1 1 1
Boiler on
24.90 0 0 1 0 0 1 1 1
Boiler on
24.90 0 0 1 0 0 1 1 1
Boiler on
24.90 0 0 1 0 0 1 1 1
Boiler on
24.90 0 0 1 0 0 1 1 1
Boiler on
24.90 0 0 1 0 0 1 1 1
Boiler on
24.93 0 0 1 0 0 1 1 1
Boiler on
24.93 0 0 1 0 0 1 1 1
Boiler on
24.93 0 0 1 0 0 1 1 1
Boiler on
24.93 0 0 1 0 0 1 1 1
Boiler on
24.96 0 0 1 0 0 1 1 1
Boiler on
24.93 0 0 1 0 0 1 1 1
Boiler on
24.93 0 0 1 0 0 1 1 1
Boiler on
24.96 0 0 1 0 0 1 1 1
Boiler on
24.96 0 0 1 0 0 1 1 1
Boiler on
24.99 0 0 1 0 0 1 1 1
Boiler on
24.99 0 0 1 0 0 1 1 1
Boiler on
24.99 0 0 1 0 0 1 1 1
Boiler on
24.99 0 0 1 0 0 1 1 1
Boiler on
24.99 0 0 1 0 0 1 1 1
Boiler on
24.99 0 0 1 0 0 1 1 1
Boiler on
24.99 0 0 1 0 0 1 1 1
Boiler on
24.99 0 0 1 0 0 1 1 1
Boiler on
24.99 0 0 1 0 0 1 1 1
Boiler on
24.99 0 0 1 0 0 1 1 1
Boiler on
24.99 0 0 1 0 0 1 1 1
Boiler on
24.99 0 0 1 0 0 1 1 1
Boiler on
24.99 0 0 1 0 0 1 1 1
Boiler on
24.99 0 0 1 0 0 1 1 1
Boiler on
24.99 0 0 1 0 0 1 1 1
Boiler on
24.93 0 0 1 0 0 1 1 1
Boiler on
25.02 0 0 1 0 0 1 1 1
Boiler on
25.02 0 0 1 0 0 1 1 1
Boiler on
25.02 0 0 1 0 0 1 1 1
Boiler on
25.05 0 0 1 0 0 1 1 1
Boiler on
25.05 0 0 1 0 0 1 1 1
Boiler on
25.05 0 0 1 0 0 1 1 1
Boiler on
25.05 0 0 1 0 0 1 1 1
Boiler on
25.05 0 0 1 0 0 1 1 1
Boiler on
25.05 0 0 1 0 0 1 1 1
Boiler on
25.05 0 0 1 0 0 1 1 1
Boiler on
25.08 0 0 1 0 0 1 1 1
Boiler on
25.08 0 0 1 0 0 1 1 1
Boiler on
25.08 0 0 1 0 0 1 1 1
Boiler on
25.08 0 0 1 0 0 1 1 1
Boiler on
25.08 0 0 1 0 0 1 1 1
Boiler on
25.08 0 0 1 0 0 1 1 1
Boiler on
25.08 0 0 1 0 0 1 1 1
Boiler on
25.11 0 0 1 0 0 1 1 1
Boiler on
25.08 0 0 1 0 0 1 1 1
Boiler on
25.11 0 0 1 0 0 1 1 1
Boiler on
25.11 0 0 1 0 0 1 1 1
Boiler on
25.11 0 0 1 0 0 1 1 1
Boiler on
25.11 0 0 1 0 0 1 1 1
Boiler on
25.11 0 0 1 0 0 1 1 1
Boiler on
25.11 0 0 1 0 0 1 1 1
Boiler on
25.11 0 0 1 0 0 1 1 1
Boiler on
25.14 0 0 1 0 0 1 1 1
Boiler on
25.11 0 0 1 0 0 1 1 1
Boiler on
25.14 0 0 1 0 0 1 1 1
Boiler on
25.14 0 0 1 0 0 1 1 1
Boiler on
25.14 0 0 1 0 0 1 1 1
Boiler on
25.17 0 0 1 0 0 1 1 1
Boiler on
25.17 0 0 1 0 0 1 1 1
Boiler on
25.17 0 0 1 0 0 1 1 1
Boiler on
25.17 0 0 1 0 0 1 1 1
Boiler on
25.17 0 0 1 0 0 1 1 1
Boiler on
25.20 0 0 1 0 0 1 1 1
Boiler on
25.26 0 0 1 0 0 1 1 1
Boiler on
25.17 0 0 1 0 0 1 1 1
Boiler on
25.17 0 0 1 0 0 1 1 1
Boiler on
25.17 0 0 1 0 0 1 1 1
Boiler on
25.20 0 0 1 0 0 1 1 1
Boiler on
25.20 0 0 1 0 0 1 1 1
Boiler on
25.23 0 0 1 0 0 1 1 1
Boiler on
25.20 0 0 1 0 0 1 1 1
Boiler on
25.20 0 0 1 0 0 1 1 1
Boiler on
25.23 0 0 1 0 0 1 1 1
Boiler on
25.26 0 0 1 0 0 1 1 1
Boiler on
25.26 0 0 1 0 0 1 1 1
Boiler on
25.20 0 0 1 0 0 1 1 1
Boiler on
25.26 0 0 1 0 0 1 1 1
Boiler on
25.26 0 0 1 0 0 1 1 1
Boiler on
25.26 0 0 1 0 0 1 1 1
Boiler on
25.26 0 0 1 0 0 1 1 1
Boiler on
25.26 0 0 1 0 0 1 1 1
Boiler on
25.26 0 0 1 0 0 1 1 1
Boiler on
25.26 0 0 1 0 0 1 1 1
Boiler on
25.26 0 0 1 0 0 1 1 1
Boiler on
25.26 0 0 1 0 0 1 1 1
Boiler on
25.26 0 0 1 0 0 1 1 1
Boiler on
25.26 0 0 1 0 0 1 1 1
Boiler on
25.20 0 0 1 0 0 1 1 1
Boiler on
25.29 0 0 1 0 0 1 1 1
Boiler on
25.29 0 0 1 0 0 1 1 1
Boiler on
25.29 0 0 1 0 0 1 1 1
Boiler on
25.29 0 0 1 0 0 1 1 1
Boiler on
25.29 0 0 1 0 0 1 1 1
Boiler on
25.29 0 0 1 0 0 1 1 1
Boiler on
25.32 0 0 1 0 0 1 1 1
Boiler on
25.20 0 0 1 0 0 1 1 1
Boiler on
25.32 0 0 1 0 0 1 1 1
Boiler on
25.32 0 0 1 0 0 1 1 1
Boiler on
25.35 0 0 1 0 0 1 1 1
Boiler on
25.35 0 0 1 0 0 1 1 1
Boiler on
25.32 0 0 1 0 0 1 1 1
Boiler on
25.35 0 0 1 0 0 1 1 1
Boiler on
25.35 0 0 1 0 0 1 1 1
Boiler on
25.35 0 0 1 0 0 1 1 1
Boiler on
25.35 0 0 1 0 0 1 1 1
Boiler on
25.35 0 0 1 0 0 1 1 1
Boiler on
25.38 0 0 1 0 0 1 1 1
Boiler on
25.38 0 0 1 0 0 1 1 1
Boiler on
25.41 0 0 1 0 0 1 1 1
Boiler on
25.41 0 0 1 0 0 1 1 1
Boiler on
25.41 0 0 1 0 0 1 1 1
Boiler on
25.44 0 0 1 0 0 1 1 1
Boiler on
25.44 0 0 1 0 0 1 1 1
Boiler on
25.38 0 0 1 0 0 1 1 1
Boiler on
25.44 0 0 1 0 0 1 1 1
Boiler on
25.44 0 0 1 0 0 1 1 1
Boiler on
25.48 0 0 1 0 0 1 1 1
Boiler on
25.48 0 0 1 0 0 1 1 1
Boiler on
25.51 0 0 1 0 0 1 1 1
Boiler on
25.51 0 0 1 0 0 1 1 1
Boiler on
25.51 0 0 1 0 0 1 1 1
Boiler on
25.51 0 0 1 0 0 1 1 1
Boiler on
25.51 0 0 1 0 0 1 1 1
Boiler on
25.51 0 0 1 0 0 1 1 1
Boiler on
25.51 0 0 1 0 0 1 1 1
Boiler on
25.51 0 0 1 0 0 1 1 1
Boiler on
25.51 0 0 1 0 0 1 1 1
Boiler on
25.51 0 0 1 0 0 1 1 1
Boiler on
25.51 0 0 1 0 0 1 1 1
Boiler on
25.51 0 0 1 0 0 1 1 1
Boiler on
25.54 0 0 1 0 0 1 1 1
Boiler on
25.47 0 0 1 0 0 1 1 1
Boiler on
25.54 0 0 1 0 0 1 1 1
Boiler on
25.54 0 0 1 0 0 1 1 1
Boiler on
25.54 0 0 1 0 0 1 1 1
Boiler on
25.54 0 0 1 0 0 1 1 1
Boiler on
25.54 0 0 1 0 0 1 1 1
Boiler on
25.57 0 0 1 0 0 1 1 1
Boiler on
25.57 0 0 1 0 0 1 1 1
Boiler on
25.57 0 0 1 0 0 1 1 1
Boiler on
25.57 0 0 1 0 0 1 1 1
Boiler on
25.57 0 0 1 0 0 1 1 1
Boiler on
25.57 0 0 1 0 0 1 1 1
Boiler on
25.57 0 0 1 0 0 1 1 1
Boiler on
25.57 0 0 1 0 0 1 1 1
Boiler on
25.57 0 0 1 0 0 1 1 1
Boiler on
25.57 0 0 1 0 0 1 1 1
Boiler on
25.60 0 0 1 0 0 1 1 1
Boiler on
25.60 0 0 1 0 0 1 1 1
Boiler on
25.60 0 0 1 0 0 1 1 1
Boiler on
25.63 0 0 1 0 0 1 1 1
Boiler on
25.66 0 0 1 0 0 1 1 1
Boiler on
25.66 0 0 1 0 0 1 1 1
Boiler on
25.69 0 0 1 0 0 1 1 1
Boiler on
25.69 0 0 1 0 0 1 1 1
Boiler on
25.69 0 0 1 0 0 1 1 1
Boiler on
25.69 0 0 1 0 0 1 1 1
Boiler on
25.69 0 0 1 0 0 1 1 1
Boiler on
25.72 0 0 1 0 0 1 1 1
Boiler on
25.69 0 0 1 0 0 1 1 1
Boiler on
25.75 0 0 1 0 0 1 1 1
Boiler on
25.78 0 0 1 0 0 1 1 1
Boiler on
25.78 0 0 1 0 0 1 1 1
Boiler on
25.78 0 0 1 0 0 1 1 1
Boiler on
25.78 0 0 1 0 0 1 1 1
Boiler on
25.78 0 0 1 0 0 1 1 1
Boiler on
25.78 0 0 1 0 0 1 1 1
Boiler on
25.78 0 0 1 0 0 1 1 1
Boiler on
25.78 0 0 1 0 0 1 1 1
Boiler on
25.81 0 0 1 0 0 1 1 1
Boiler on
25.78 0 0 1 0 0 1 1 1
Boiler on
25.78 0 0 1 0 0 1 1 1
Boiler on
25.78 0 0 1 0 0 1 1 1
Boiler on
25.78 0 0 1 0 0 1 1 1
Boiler on
25.75 0 0 1 0 0 1 1 1
Boiler on
25.78 0 0 1 0 0 1 1 1
Boiler on
25.84 0 0 1 0 0 1 1 1
Boiler on
25.81 0 0 1 0 0 1 1 1
Boiler on
25.81 0 0 1 0 0 1 1 1
Boiler on
25.81 0 0 1 0 0 1 1 1
Boiler on
25.84 0 0 1 0 0 1 1 1
Boiler on
25.84 0 0 1 0 0 1 1 1
Boiler on
25.81 0 0 1 0 0 1 1 1
Boiler on
25.78 0 0 1 0 0 1 1 1
Boiler on
25.84 0 0 1 0 0 1 1 1
Boiler on
25.84 0 0 1 0 0 1 1 1
Boiler on
25.87 0 0 1 0 0 1 1 1
Boiler on
25.87 0 0 1 0 0 1 1 1
Boiler on
25.87 0 0 1 0 0 1 1 1
Boiler on
25.87 0 0 1 0 0 1 1 1
Boiler on
25.87 0 0 1 0 0 1 1 1
Boiler on
25.87 0 0 1 0 0 1 1 1
Boiler on
25.87 0 0 1 0 0 1 1 1
Boiler on
25.87 0 0 1 0 0 1 1 1
Boiler on
25.87 0 0 1 0 0 1 1 1
Boiler on
25.87 0 0 1 0 0 1 1 1
Boiler on
25.87 0 0 1 0 0 1 1 1
Boiler on
25.78 0 0 1 0 0 1 1 1
Boiler on
25.87 0 0 1 0 0 1 1 1
Boiler on
25.87 0 0 1 0 0 1 1 1
Boiler on
25.87 0 0 1 0 0 1 1 1
Boiler on
25.90 0 0 1 0 0 1 1 1
Boiler on
25.93 0 0 1 0 0 1 1 1
Boiler on
25.96 0 0 1 0 0 1 1 1
Boiler on
25.93 0 0 1 0 0 1 1 1
Boiler on
25.96 0 0 1 0 0 1 1 1
Boiler on
25.96 0 0 1 0 0 1 1 1
Boiler on
25.96 0 0 1 0 0 1 1 1
Boiler on
25.96 0 0 1 0 0 1 1 1
Boiler on
25.96 0 0 1 0 0 1 1 1
Boiler on
25.96 0 0 1 0 0 1 1 1
Boiler on
25.96 0 0 1 0 0 1 1 1
Boiler on
25.96 0 0 1 0 0 1 1 1
Boiler on
25.96 0 0 1 0 0 1 1 1
Boiler on
26.02 0 0 1 0 0 1 1 1
Boiler on
26.05 0 0 1 0 0 1 1 1
Boiler on
26.05 0 0 1 0 0 1 1 1
Boiler on
26.05 0 0 1 0 0 1 1 1
Boiler on
26.05 0 0 1 0 0 1 1 1
Boiler on
26.05 0 0 1 0 0 1 1 1
Boiler on
26.05 0 0 1 0 0 1 1 1
Boiler on
26.05 0 0 1 0 0 1 1 1
Boiler on
26.05 0 0 1 0 0 1 1 1
Boiler on
26.05 0 0 1 0 0 1 1 1
Boiler on
26.05 0 0 1 0 0 1 1 1
Boiler on
26.11 0 0 1 0 0 1 1 1
Boiler on
26.14 0 0 1 0 0 1 1 1
Boiler on
26.14 0 0 1 0 0 1 1 1
Boiler on
26.14 0 0 1 0 0 1 1 1
Boiler on
26.14 0 0 1 0 0 1 1 1
Boiler on
26.14 0 0 1 0 0 1 1 1
Boiler on
26.14 0 0 1 0 0 1 1 1
Boiler on
26.14 0 0 1 0 0 1 1 1
Boiler on
26.14 0 0 1 0 0 1 1 1
Boiler on
26.14 0 0 1 0 0 1 1 1
Boiler on
26.20 0 0 1 0 0 1 1 1
Boiler on
26.14 0 0 1 0 0 1 1 1
Boiler on
26.14 0 0 1 0 0 1 1 1
Boiler on
26.14 0 0 1 0 0 1 1 1
Boiler on
26.14 0 0 1 0 0 1 1 1
Boiler on
26.14 0 0 1 0 0 1 1 1
Boiler on
26.14 0 0 1 0 0 1 1 1
Boiler on
26.18 0 0 1 0 0 1 1 1
Boiler on
26.14 0 0 1 0 0 1 1 1
Boiler on
26.14 0 0 1 0 0 1 1 1
Boiler on
26.21 0 0 1 0 0 1 1 1
Boiler on
26.21 0 0 1 0 0 1 1 1
Boiler on
26.21 0 0 1 0 0 1 1 1
Boiler on
26.21 0 0 1 0 0 1 1 1
Boiler on
26.24 0 0 1 0 0 1 1 1
Boiler on
26.24 0 0 1 0 0 1 1 1
Boiler on
26.24 0 0 1 0 0 1 1 1
Boiler on
26.21 0 0 1 0 0 1 1 1
Boiler on
26.24 0 0 1 0 0 1 1 1
Boiler on
26.24 0 0 1 0 0 1 1 1
Boiler on
26.24 0 0 1 0 0 1 1 1
Boiler on
26.24 0 0 1 0 0 1 1 1
Boiler on
26.24 0 0 1 0 0 1 1 1
Boiler on
26.24 0 0 1 0 0 1 1 1
Boiler on
26.24 0 0 1 0 0 1 1 1
Boiler on
26.27 0 0 1 0 0 1 1 1
Boiler on
26.33 0 0 1 0 0 1 1 1
Boiler on
26.33 0 0 1 0 0 1 1 1
Boiler on
26.33 0 0 1 0 0 1 1 1
Boiler on
26.33 0 0 1 0 0 1 1 1
Boiler on
26.33 0 0 1 0 0 1 1 1
Boiler on
26.26 0 0 1 0 0 1 1 1
Boiler on
26.33 0 0 1 0 0 1 1 1
Boiler on
26.33 0 0 1 0 0 1 1 1
Boiler on
26.33 0 0 1 0 0 1 1 1
Boiler on
26.33 0 0 1 0 0 1 1 1
Boiler on
26.33 0 0 1 0 0 1 1 1
Boiler on
26.33 0 0 1 0 0 1 1 1
Boiler on
26.33 0 0 1 0 0 1 1 1
Boiler on
26.30 0 0 1 0 0 1 1 1
Boiler on
26.36 0 0 1 0 0 1 1 1
Boiler on
26.36 0 0 1 0 0 1 1 1
Boiler on
26.36 0 0 1 0 0 1 1 1
Boiler on
26.36 0 0 1 0 0 1 1 1
Boiler on
26.42 0 0 1 0 0 1 1 1
Boiler on
26.42 0 0 1 0 0 1 1 1
Boiler on
26.42 0 0 1 0 0 1 1 1
Boiler on
26.42 0 0 1 0 0 1 1 1
Boiler on
26.42 0 0 1 0 0 1 1 1
Boiler on
26.42 0 0 1 0 0 1 1 1
Boiler on
26.42 0 0 1 0 0 1 1 1
Boiler on
26.42 0 0 1 0 0 1 1 1
Boiler on
26.45 0 0 1 0 0 1 1 1
Boiler on
26.45 0 0 1 0 0 1 1 1
Boiler on
26.42 0 0 1 0 0 1 1 1
Boiler on
26.48 0 0 1 0 0 1 1 1
Boiler on
26.48 0 0 1 0 0 1 1 1
Boiler on
26.48 0 0 1 0 0 1 1 1
Boiler on
26.51 0 0 1 0 0 1 1 1
Boiler on
26.51 0 0 1 0 0 1 1 1
Boiler on
26.51 0 0 1 0 0 1 1 1
Boiler on
26.51 0 0 1 0 0 1 1 1
Boiler on
26.51 0 0 1 0 0 1 1 1
Boiler on
26.51 0 0 1 0 0 1 1 1
Boiler on
26.51 0 0 1 0 0 1 1 1
Boiler on
26.51 0 0 1 0 0 1 1 1
Boiler on
26.51 0 0 1 0 0 1 1 1
Boiler on
26.63 0 0 1 0 0 1 1 1
Boiler on
26.54 0 0 1 0 0 1 1 1
Boiler on
26.54 0 0 1 0 0 1 1 1
Boiler on
26.54 0 0 1 0 0 1 1 1
Boiler on
26.57 0 0 1 0 0 1 1 1
Boiler on
26.57 0 0 1 0 0 1 1 1
Boiler on
26.57 0 0 1 0 0 1 1 1
Boiler on
26.63 0 0 1 0 0 1 1 1
Boiler on
26.60 0 0 1 0 0 1 1 1
Boiler on
26.60 0 0 1 0 0 1 1 1
Boiler on
26.60 0 0 1 0 0 1 1 1
Boiler on
26.60 0 0 1 0 0 1 1 1
Boiler on
26.60 0 0 1 0 0 1 1 1
Boiler on
26.60 0 0 1 0 0 1 1 1
Boiler on
26.60 0 0 1 0 0 1 1 1
Boiler on
26.60 0 0 1 0 0 1 1 1
Boiler on
26.60 0 0 1 0 0 1 1 1
Boiler on
26.63 0 0 1 0 0 1 1 1
Boiler on
26.60 0 0 1 0 0 1 1 1
Boiler on
26.60 0 0 1 0 0 1 1 1
Boiler on
26.60 0 0 1 0 0 1 1 1
Boiler on
26.60 0 0 1 0 0 1 1 1
Boiler on
26.60 0 0 1 0 0 1 1 1
Boiler on
26.63 0 0 1 0 0 1 1 1
Boiler on
26.60 0 0 1 0 0 1 1 1
Boiler on
26.63 0 0 1 0 0 1 1 1
Boiler on
26.63 0 0 1 0 0 1 1 1
Boiler on
26.63 0 0 1 0 0 1 1 1
Boiler on
26.63 0 0 1 0 0 1 1 1
Boiler on
26.66 0 0 1 0 0 1 1 1
Boiler on
26.66 0 0 1 0 0 1 1 1
Boiler on
26.66 0 0 1 0 0 1 1 1
Boiler on
26.66 0 0 1 0 0 1 1 1
Boiler on
26.69 0 0 1 0 0 1 1 1
Boiler on
26.75 0 0 1 0 0 1 1 1
Boiler on
26.69 0 0 1 0 0 1 1 1
Boiler on
26.69 0 0 1 0 0 1 1 1
Boiler on
26.69 0 0 1 0 0 1 1 1
Boiler on
26.69 0 0 1 0 0 1 1 1
Boiler on
26.69 0 0 1 0 0 1 1 1
Boiler on
26.69 0 0 1 0 0 1 1 1
Boiler on
26.72 0 0 1 0 0 1 1 1
Boiler on
26.72 0 0 1 0 0 1 1 1
Boiler on
26.72 0 0 1 0 0 1 1 1
Boiler on
26.72 0 0 1 0 0 1 1 1
Boiler on
26.72 0 0 1 0 0 1 1 1
Boiler on
26.72 0 0 1 0 0 1 1 1
Boiler on
26.72 0 0 1 0 0 1 1 1
Boiler on
26.72 0 0 1 0 0 1 1 1
Boiler on
26.75 0 0 1 0 0 1 1 1
Boiler on
26.75 0 0 1 0 0 1 1 1
Boiler on
26.75 0 0 1 0 0 1 1 1
Boiler on
26.78 0 0 1 0 0 1 1 1
Boiler on
26.75 0 0 1 0 0 1 1 1
Boiler on
26.75 0 0 1 0 0 1 1 1
Boiler on
26.81 0 0 1 0 0 1 1 1
Boiler on
26.78 0 0 1 0 0 1 1 1
Boiler on
26.78 0 0 1 0 0 1 1 1
Boiler on
26.78 0 0 1 0 0 1 1 1
Boiler on
26.81 0 0 1 0 0 1 1 1
Boiler on
26.81 0 0 1 0 0 1 1 1
Boiler on
26.78 0 0 1 0 0 1 1 1
Boiler on
26.78 0 0 1 0 0 1 1 1
Boiler on
26.81 0 0 1 0 0 1 1 1
Boiler on
26.81 0 0 1 0 0 1 1 1
Boiler on
26.81 0 0 1 0 0 1 1 1
Boiler on
26.81 0 0 1 0 0 1 1 1
Boiler on
26.81 0 0 1 0 0 1 1 1
Boiler on
26.81 0 0 1 0 0 1 1 1
Boiler on
26.81 0 0 1 0 0 1 1 1
Boiler on
26.84 0 0 1 0 0 1 1 1
Boiler on
26.84 0 0 1 0 0 1 1 1
Boiler on
26.84 0 0 1 0 0 1 1 1
Boiler on
26.84 0 0 1 0 0 1 1 1
Boiler on
26.84 0 0 1 0 0 1 1 1
Boiler on
26.87 0 0 1 0 0 1 1 1
Boiler on
26.87 0 0 1 0 0 1 1 1
Boiler on
26.87 0 0 1 0 0 1 1 1
Boiler on
26.91 0 0 1 0 0 1 1 1
Boiler on
26.91 0 0 1 0 0 1 1 1
Boiler on
26.91 0 0 1 0 0 1 1 1
Boiler on
26.91 0 0 1 0 0 1 1 1
Boiler on
26.94 0 0 1 0 0 1 1 1
Boiler on
26.94 0 0 1 0 0 1 1 1
Boiler on
26.94 0 0 1 0 0 1 1 1
Boiler on
26.94 0 0 1 0 0 1 1 1
Boiler on
26.94 0 0 1 0 0 1 1 1
Boiler on
26.94 0 0 1 0 0 1 1 1
Boiler on
26.94 0 0 1 0 0 1 1 1
Boiler on
26.94 0 0 1 0 0 1 1 1
Boiler on
26.97 0 0 1 0 0 1 1 1
Boiler on
26.97 0 0 1 0 0 1 1 1
Boiler on
26.97 0 0 1 0 0 1 1 1
Boiler on
27.00 0 0 1 0 0 1 1 1
Boiler on
27.00 0 0 1 0 0 1 1 1
Boiler on
27.03 0 0 1 0 0 1 1 1
Boiler on
27.00 0 0 1 0 0 1 1 1
Boiler on
27.03 0 0 1 0 0 1 1 1
Boiler on
27.03 0 0 1 0 0 1 1 1
Boiler on
27.03 0 0 1 0 0 1 1 1
Boiler on
27.03 0 0 1 0 0 1 1 1
Boiler on
27.03 0 0 1 0 0 1 1 1
Boiler on
27.03 0 0 1 0 0 1 1 1
Boiler on
27.03 0 0 1 0 0 1 1 1
Boiler on
27.03 0 0 1 0 0 1 1 1
Boiler on
27.03 0 0 1 0 0 1 1 1
Boiler on
27.03 0 0 1 0 0 1 1 1
Boiler on
27.06 0 0 1 0 0 1 1 1
Boiler on
27.06 0 0 1 0 0 1 1 1
Boiler on
27.09 0 0 1 0 0 1 1 1
Boiler on
27.09 0 0 1 0 0 1 1 1
Boiler on
27.09 0 0 1 0 0 1 1 1
Boiler on
27.09 0 0 1 0 0 1 1 1
Boiler on
27.12 0 0 1 0 0 1 1 1
Boiler on
27.21 0 0 1 0 0 1 1 1
Boiler on
27.12 0 0 1 0 0 1 1 1
Boiler on
27.12 0 0 1 0 0 1 1 1
Boiler on
27.12 0 0 1 0 0 1 1 1
Boiler on
27.12 0 0 1 0 0 1 1 1
Boiler on
27.15 0 0 1 0 0 1 1 1
Boiler on
27.12 0 0 1 0 0 1 1 1
Boiler on
27.12 0 0 1 0 0 1 1 1
Boiler on
27.12 0 0 1 0 0 1 1 1
Boiler on
27.15 0 0 1 0 0 1 1 1
Boiler on
27.18 0 0 1 0 0 1 1 1
Boiler on
27.18 0 0 1 0 0 1 1 1
Boiler on
27.18 0 0 1 0 0 1 1 1
Boiler on
27.18 0 0 1 0 0 1 1 1
Boiler on
27.18 0 0 1 0 0 1 1 1
Boiler on
27.18 0 0 1 0 0 1 1 1
Boiler on
27.21 0 0 1 0 0 1 1 1
Boiler on
27.21 0 0 1 0 0 1 1 1
Boiler on
27.21 0 0 1 0 0 1 1 1
Boiler on
27.21 0 0 1 0 0 1 1 1
Boiler on
27.21 0 0 1 0 0 1 1 1
Boiler on
27.21 0 0 1 0 0 1 1 1
Boiler on
27.21 0 0 1 0 0 1 1 1
Boiler on
27.21 0 0 1 0 0 1 1 1
Boiler on
27.18 0 0 1 0 0 1 1 1
Boiler on
27.24 0 0 1 0 0 1 1 1
Boiler on
27.21 0 0 1 0 0 1 1 1
Boiler on
27.24 0 0 1 0 0 1 1 1
Boiler on
27.24 0 0 1 0 0 1 1 1
Boiler on
27.27 0 0 1 0 0 1 1 1
Boiler on
27.27 0 0 1 0 0 1 1 1
Boiler on
27.24 0 0 1 0 0 1 1 1
Boiler on
27.30 0 0 1 0 0 1 1 1
Boiler on
27.30 0 0 1 0 0 1 1 1
Boiler on
27.30 0 0 1 0 0 1 1 1
Boiler on
27.30 0 0 1 0 0 1 1 1
Boiler on
27.30 0 0 1 0 0 1 1 1
Boiler on
27.30 0 0 1 0 0 1 1 1
Boiler on
27.30 0 0 1 0 0 1 1 1
Boiler on
27.30 0 0 1 0 0 1 1 1
Boiler on
27.30 0 0 1 0 0 1 1 1
Boiler on
27.33 0 0 1 0 0 1 1 1
Boiler on
27.33 0 0 1 0 0 1 1 1
Boiler on
27.36 0 0 1 0 0 1 1 1
Boiler on
27.39 0 0 1 0 0 1 1 1
Boiler on
27.39 0 0 1 0 0 1 1 1
Boiler on
27.39 0 0 1 0 0 1 1 1
Boiler on
27.39 0 0 1 0 0 1 1 1
Boiler on
27.39 0 0 1 0 0 1 1 1
Boiler on
27.39 0 0 1 0 0 1 1 1
Boiler on
27.39 0 0 1 0 0 1 1 1
Boiler on
27.39 0 0 1 0 0 1 1 1
Boiler on
27.42 0 0 1 0 0 1 1 1
Boiler on
27.42 0 0 1 0 0 1 1 1
Boiler on
27.42 0 0 1 0 0 1 1 1
Boiler on
27.36 0 0 1 0 0 1 1 1
Boiler on
27.45 0 0 1 0 0 1 1 1
Boiler on
27.48 0 0 1 0 0 1 1 1
Boiler on
27.48 0 0 1 0 0 1 1 1
Boiler on
27.48 0 0 1 0 0 1 1 1
Boiler on
27.48 0 0 1 0 0 1 1 1
Boiler on
27.48 0 0 1 0 0 1 1 1
Boiler on
27.48 0 0 1 0 0 1 1 1
Boiler on
27.48 0 0 1 0 0 1 1 1
Boiler on
27.48 0 0 1 0 0 1 1 1
Boiler on
27.48 0 0 1 0 0 1 1 1
Boiler on
27.48 0 0 1 0 0 1 1 1
Boiler on
27.48 0 0 1 0 0 1 1 1
Boiler on
27.48 0 0 1 0 0 1 1 1
Boiler on
27.51 0 0 1 0 0 1 1 1
Boiler on
27.48 0 0 1 0 0 1 1 1
Boiler on
27.51 0 0 1 0 0 1 1 1
Boiler on
27.51 0 0 1 0 0 1 1 1
Boiler on
27.57 0 0 1 0 0 1 1 1
Boiler on
27.51 0 0 1 0 0 1 1 1
Boiler on
27.51 0 0 1 0 0 1 1 1
Boiler on
27.51 0 0 1 0 0 1 1 1
Boiler on
27.57 0 0 1 0 0 1 1 1
Boiler on
27.57 0 0 1 0 0 1 1 1
Boiler on
27.57 0 0 1 0 0 1 1 1
Boiler on
27.57 0 0 1 0 0 1 1 1
Boiler on
27.57 0 0 1 0 0 1 1 1
Boiler on
27.57 0 0 1 0 0 1 1 1
Boiler on
27.57 0 0 1 0 0 1 1 1
Boiler on
27.57 0 0 1 0 0 1 1 1
Boiler on
27.57 0 0 1 0 0 1 1 1
Boiler on
27.57 0 0 1 0 0 1 1 1
Boiler on
27.57 0 0 1 0 0 1 1 1
Boiler on
27.60 0 0 1 0 0 1 1 1
Boiler on
27.60 0 0 1 0 0 1 1 1
Boiler on
27.60 0 0 1 0 0 1 1 1
Boiler on
27.60 0 0 1 0 0 1 1 1
Boiler on
27.60 0 0 1 0 0 1 1 1
Boiler on
27.60 0 0 1 0 0 1 1 1
Boiler on
27.60 0 0 1 0 0 1 1 1
Boiler on
27.60 0 0 1 0 0 1 1 1
Boiler on
27.63 0 0 1 0 0 1 1 1
Boiler on
27.60 0 0 1 0 0 1 1 1
Boiler on
27.66 0 0 1 0 0 1 1 1
Boiler on
27.66 0 0 1 0 0 1 1 1
Boiler on
27.66 0 0 1 0 0 1 1 1
Boiler on
27.66 0 0 1 0 0 1 1 1
Boiler on
27.66 0 0 1 0 0 1 1 1
Boiler on
27.66 0 0 1 0 0 1 1 1
Boiler on
27.66 0 0 1 0 0 1 1 1
Boiler on
27.66 0 0 1 0 0 1 1 1
Boiler on
27.66 0 0 1 0 0 1 1 1
Boiler on
27.60 0 0 1 0 0 1 1 1
Boiler on
27.66 0 0 1 0 0 1 1 1
Boiler on
27.66 0 0 1 0 0 1 1 1
Boiler on
27.66 0 0 1 0 0 1 1 1
Boiler on
27.70 0 0 1 0 0 1 1 1
Boiler on
27.70 0 0 1 0 0 1 1 1
Boiler on
27.70 0 0 1 0 0 1 1 1
Boiler on
27.70 0 0 1 0 0 1 1 1
Boiler on
27.70 0 0 1 0 0 1 1 1
Boiler on
27.70 0 0 1 0 0 1 1 1
Boiler on
27.70 0 0 1 0 0 1 1 1
Boiler on
27.70 0 0 1 0 0 1 1 1
Boiler on
27.70 0 0 1 0 0 1 1 1
Boiler on
27.73 0 0 1 0 0 1 1 1
Boiler on
27.76 0 0 1 0 0 1 1 1
Boiler on
27.76 0 0 1 0 0 1 1 1
Boiler on
27.76 0 0 1 0 0 1 1 1
Boiler on
27.76 0 0 1 0 0 1 1 1
Boiler on
27.76 0 0 1 0 0 1 1 1
Boiler on
27.76 0 0 1 0 0 1 1 1
Boiler on
27.69 0 0 1 0 0 1 1 1
Boiler on
27.76 0 0 1 0 0 1 1 1
Boiler on
27.76 0 0 1 0 0 1 1 1
Boiler on
27.76 0 0 1 0 0 1 1 1
Boiler on
27.79 0 0 1 0 0 1 1 1
Boiler on
27.79 0 0 1 0 0 1 1 1
Boiler on
27.82 0 0 1 0 0 1 1 1
Boiler on
27.82 0 0 1 0 0 1 1 1
Boiler on
27.82 0 0 1 0 0 1 1 1
Boiler on
27.85 0 0 1 0 0 1 1 1
Boiler on
27.85 0 0 1 0 0 1 1 1
Boiler on
27.85 0 0 1 0 0 1 1 1
Boiler on
27.85 0 0 1 0 0 1 1 1
Boiler on
27.85 0 0 1 0 0 1 1 1
Boiler on
27.85 0 0 1 0 0 1 1 1
Boiler on
27.85 0 0 1 0 0 1 1 1
Boiler on
27.88 0 0 1 0 0 1 1 1
Boiler on
27.88 0 0 1 0 0 1 1 1
Boiler on
27.88 0 0 1 0 0 1 1 1
Boiler on
27.88 0 0 1 0 0 1 1 1
Boiler on
27.88 0 0 1 0 0 1 1 1
Boiler on
27.91 0 0 1 0 0 1 1 1
Boiler on
27.91 0 0 1 0 0 1 1 1
Boiler on
27.91 0 0 1 0 0 1 1 1
Boiler on
27.91 0 0 1 0 0 1 1 1
Boiler on
27.85 0 0 1 0 0 1 1 1
Boiler on
27.91 0 0 1 0 0 1 1 1
Boiler on
27.91 0 0 1 0 0 1 1 1
Boiler on
27.81 0 0 1 0 0 1 1 1
Boiler on
27.81 0 0 1 0 0 1 1 1
Boiler on
27.91 0 0 1 0 0 1 1 1
Boiler on
27.94 0 0 1 0 0 1 1 1
Boiler on
27.94 0 0 1 0 0 1 1 1
Boiler on
27.94 0 0 1 0 0 1 1 1
Boiler on
27.94 0 0 1 0 0 1 1 1
Boiler on
27.94 0 0 1 0 0 1 1 1
Boiler on
27.94 0 0 1 0 0 1 1 1
Boiler on
27.94 0 0 1 0 0 1 1 1
Boiler on
27.94 0 0 1 0 0 1 1 1
Boiler on
27.97 0 0 1 0 0 1 1 1
Boiler on
27.97 0 0 1 0 0 1 1 1
Boiler on
27.97 0 0 1 0 0 1 1 1
Boiler on
27.97 0 0 1 0 0 1 1 1
Boiler on
27.97 0 0 1 0 0 1 1 1
Boiler on
27.97 0 0 1 0 0 1 1 1
Boiler on
27.97 0 0 1 0 0 1 1 1
Boiler on
27.97 0 0 1 0 0 1 1 1
Boiler on
28.00 0 0 1 0 0 1 1 1
Boiler on
27.97 0 0 1 0 0 1 1 1
Boiler on
28.00 0 0 1 0 0 1 1 1
Boiler on
28.00 0 0 1 0 0 1 1 1
Boiler on
28.03 0 0 1 0 0 1 1 1
Boiler on
28.03 0 0 1 0 0 1 1 1
Boiler on
28.03 0 0 1 0 0 1 1 1
Boiler on
28.03 0 0 1 0 0 1 1 1
Boiler on
28.03 0 0 1 0 0 1 1 1
Boiler on
28.03 0 0 1 0 0 1 1 1
Boiler on
28.00 0 0 1 0 0 1 1 1
Boiler on
28.03 0 0 1 0 0 1 1 1
Boiler on
28.03 0 0 1 0 0 1 1 1
Boiler on
28.03 0 0 1 0 0 1 1 1
Boiler on
28.03 0 0 1 0 0 1 1 1
Boiler on
28.06 0 0 1 0 0 1 1 1
Boiler on
28.06 0 0 1 0 0 1 1 1
Boiler on
28.09 0 0 1 0 0 1 1 1
Boiler on
28.06 0 0 1 0 0 1 1 1
Boiler on
28.06 0 0 1 0 0 1 1 1
Boiler on
28.03 0 0 1 0 0 1 1 1
Boiler on
28.06 0 0 1 0 0 1 1 1
Boiler on
28.06 0 0 1 0 0 1 1 1
Boiler on
28.06 0 0 1 0 0 1 1 1
Boiler on
28.06 0 0 1 0 0 1 1 1
Boiler on
28.06 0 0 1 0 0 1 1 1
Boiler on
28.06 0 0 1 0 0 1 1 1
Boiler on
28.09 0 0 1 0 0 1 1 1
Boiler on
28.09 0 0 1 0 0 1 1 1
Boiler on
28.09 0 0 1 0 0 1 1 1
Boiler on
28.12 0 0 1 0 0 1 1 1
Boiler on
28.12 0 0 1 0 0 1 1 1
Boiler on
28.12 0 0 1 0 0 1 1 1
Boiler on
28.12 0 0 1 0 0 1 1 1
Boiler on
28.12 0 0 1 0 0 1 1 1
Boiler on
28.03 0 0 1 0 0 1 1 1
Boiler on
28.12 0 0 1 0 0 1 1 1
Boiler on
28.15 0 0 1 0 0 1 1 1
Boiler on
28.15 0 0 1 0 0 1 1 1
Boiler on
28.15 0 0 1 0 0 1 1 1
Boiler on
28.15 0 0 1 0 0 1 1 1
Boiler on
28.15 0 0 1 0 0 1 1 1
Boiler on
28.15 0 0 1 0 0 1 1 1
Boiler on
28.15 0 0 1 0 0 1 1 1
Boiler on
28.15 0 0 1 0 0 1 1 1
Boiler on
28.18 0 0 1 0 0 1 1 1
Boiler on
28.15 0 0 1 0 0 1 1 1
Boiler on
28.15 0 0 1 0 0 1 1 1
Boiler on
28.18 0 0 1 0 0 1 1 1
Boiler on
28.21 0 0 1 0 0 1 1 1
Boiler on
28.21 0 0 1 0 0 1 1 1
Boiler on
28.21 0 0 1 0 0 1 1 1
Boiler on
28.21 0 0 1 0 0 1 1 1
Boiler on
28.21 0 0 1 0 0 1 1 1
Boiler on
28.21 0 0 1 0 0 1 1 1
Boiler on
28.21 0 0 1 0 0 1 1 1
Boiler on
28.21 0 0 1 0 0 1 1 1
Boiler on
28.21 0 0 1 0 0 1 1 1
Boiler on
28.24 0 0 1 0 0 1 1 1
Boiler on
28.24 0 0 1 0 0 1 1 1
Boiler on
28.24 0 0 1 0 0 1 1 1
Boiler on
28.24 0 0 1 0 0 1 1 1
Boiler on
28.30 0 0 1 0 0 1 1 1
Boiler on
28.24 0 0 1 0 0 1 1 1
Boiler on
28.24 0 0 1 0 0 1 1 1
Boiler on
28.24 0 0 1 0 0 1 1 1
Boiler on
28.27 0 0 1 0 0 1 1 1
Boiler on
28.24 0 0 1 0 0 1 1 1
Boiler on
28.27 0 0 1 0 0 1 1 1
Boiler on
28.24 0 0 1 0 0 1 1 1
Boiler on
28.24 0 0 1 0 0 1 1 1
Boiler on
28.27 0 0 1 0 0 1 1 1
Boiler on
28.27 0 0 1 0 0 1 1 1
Boiler on
28.36 0 0 1 0 0 1 1 1
Boiler on
28.30 0 0 1 0 0 1 1 1
Boiler on
28.30 0 0 1 0 0 1 1 1
Boiler on
28.33 0 0 1 0 0 1 1 1
Boiler on
28.33 0 0 1 0 0 1 1 1
Boiler on
28.33 0 0 1 0 0 1 1 1
Boiler on
28.33 0 0 1 0 0 1 1 1
Boiler on
28.33 0 0 1 0 0 1 1 1
Boiler on
28.36 0 0 1 0 0 1 1 1
Boiler on
28.36 0 0 1 0 0 1 1 1
Boiler on
28.36 0 0 1 0 0 1 1 1
Boiler on
28.33 0 0 1 0 0 1 1 1
Boiler on
28.36 0 0 1 0 0 1 1 1
Boiler on
28.43 0 0 1 0 0 1 1 1
Boiler on
28.36 0 0 1 0 0 1 1 1
Boiler on
28.36 0 0 1 0 0 1 1 1
Boiler on
28.36 0 0 1 0 0 1 1 1
Boiler on
28.36 0 0 1 0 0 1 1 1
Boiler on
28.36 0 0 1 0 0 1 1 1
Boiler on
28.36 0 0 1 0 0 1 1 1
Boiler on
28.40 0 0 1 0 0 1 1 1
Boiler on
28.36 0 0 1 0 0 1 1 1
Boiler on
28.39 0 0 1 0 0 1 1 1
Boiler on
28.36 0 0 1 0 0 1 1 1
Boiler on
28.39 0 0 1 0 0 1 1 1
Boiler on
28.39 0 0 1 0 0 1 1 1
Boiler on
28.46 0 0 1 0 0 1 1 1
Boiler on
28.39 0 0 1 0 0 1 1 1
Boiler on
28.43 0 0 1 0 0 1 1 1
Boiler on
28.43 0 0 1 0 0 1 1 1
Boiler on
28.43 0 0 1 0 0 1 1 1
Boiler on
28.43 0 0 1 0 0 1 1 1
Boiler on
28.43 0 0 1 0 0 1 1 1
Boiler on
28.43 0 0 1 0 0 1 1 1
Boiler on
28.40 0 0 1 0 0 1 1 1
Boiler on
28.39 0 0 1 0 0 1 1 1
Boiler on
28.43 0 0 1 0 0 1 1 1
Boiler on
28.43 0 0 1 0 0 1 1 1
Boiler on
28.43 0 0 1 0 0 1 1 1
Boiler on
28.43 0 0 1 0 0 1 1 1
Boiler on
28.43 0 0 1 0 0 1 1 1
Boiler on
28.46 0 0 1 0 0 1 1 1
Boiler on
28.46 0 0 1 0 0 1 1 1
Boiler on
28.46 0 0 1 0 0 1 1 1
Boiler on
28.46 0 0 1 0 0 1 1 1
Boiler on
28.46 0 0 1 0 0 1 1 1
Boiler on
28.46 0 0 1 0 0 1 1 1
Boiler on
28.49 0 0 1 0 0 1 1 1
Boiler on
28.49 0 0 1 0 0 1 1 1
Boiler on
28.49 0 0 1 0 0 1 1 1
Boiler on
28.49 0 0 1 0 0 1 1 1
Boiler on
28.52 0 0 1 0 0 1 1 1
Boiler on
28.52 0 0 1 0 0 1 1 1
Boiler on
28.52 0 0 1 0 0 1 1 1
Boiler on
28.49 0 0 1 0 0 1 1 1
Boiler on
28.52 0 0 1 0 0 1 1 1
Boiler on
28.52 0 0 1 0 0 1 1 1
Boiler on
28.52 0 0 1 0 0 1 1 1
Boiler on
28.52 0 0 1 0 0 1 1 1
Boiler on
28.55 0 0 1 0 0 1 1 1
Boiler on
28.55 0 0 1 0 0 1 1 1
Boiler on
28.55 0 0 1 0 0 1 1 1
Boiler on
28.55 0 0 1 0 0 1 1 1
Boiler on
28.55 0 0 1 0 0 1 1 1
Boiler on
28.55 0 0 1 0 0 1 1 1
Boiler on
28.55 0 0 1 0 0 1 1 1
Boiler on
28.55 0 0 1 0 0 1 1 1
Boiler on
28.58 0 0 1 0 0 1 1 1
Boiler on
28.58 0 0 1 0 0 1 1 1
Boiler on
28.61 0 0 1 0 0 1 1 1
Boiler on
28.61 0 0 1 0 0 1 1 1
Boiler on
28.61 0 0 1 0 0 1 1 1
Boiler on
28.61 0 0 1 0 0 1 1 1
Boiler on
28.61 0 0 1 0 0 1 1 1
Boiler on
28.61 0 0 1 0 0 1 1 1
Boiler on
28.61 0 0 1 0 0 1 1 1
Boiler on
28.61 0 0 1 0 0 1 1 1
Boiler on
28.64 0 0 1 0 0 1 1 1
Boiler on
28.64 0 0 1 0 0 1 1 1
Boiler on
28.64 0 0 1 0 0 1 1 1
Boiler on
28.64 0 0 1 0 0 1 1 1
Boiler on
28.64 0 0 1 0 0 1 1 1
Boiler on
28.64 0 0 1 0 0 1 1 1
Boiler on
28.67 0 0 1 0 0 1 1 1
Boiler on
28.67 0 0 1 0 0 1 1 1
Boiler on
28.67 0 0 1 0 0 1 1 1
Boiler on
28.67 0 0 1 0 0 1 1 1
Boiler on
28.70 0 0 1 0 0 1 1 1
Boiler on
28.70 0 0 1 0 0 1 1 1
Boiler on
28.70 0 0 1 0 0 1 1 1
Boiler on
28.70 0 0 1 0 0 1 1 1
Boiler on
28.70 0 0 1 0 0 1 1 1
Boiler on
28.67 0 0 1 0 0 1 1 1
Boiler on
28.70 0 0 1 0 0 1 1 1
Boiler on
28.73 0 0 1 0 0 1 1 1
Boiler on
28.73 0 0 1 0 0 1 1 1
Boiler on
28.73 0 0 1 0 0 1 1 1
Boiler on
28.73 0 0 1 0 0 1 1 1
Boiler on
28.73 0 0 1 0 0 1 1 1
Boiler on
28.73 0 0 1 0 0 1 1 1
Boiler on
28.70 0 0 1 0 0 1 1 1
Boiler on
28.73 0 0 1 0 0 1 1 1
Boiler on
28.73 0 0 1 0 0 1 1 1
Boiler on
28.76 0 0 1 0 0 1 1 1
Boiler on
28.79 0 0 1 0 0 1 1 1
Boiler on
28.79 0 0 1 0 0 1 1 1
Boiler on
28.79 0 0 1 0 0 1 1 1
Boiler on
28.79 0 0 1 0 0 1 1 1
Boiler on
28.79 0 0 1 0 0 1 1 1
Boiler on
28.79 0 0 1 0 0 1 1 1
Boiler on
28.79 0 0 1 0 0 1 1 1
Boiler on
28.79 0 0 1 0 0 1 1 1
Boiler on
28.82 0 0 1 0 0 1 1 1
Boiler on
28.82 0 0 1 0 0 1 1 1
Boiler on
28.82 0 0 1 0 0 1 1 1
Boiler on
28.82 0 0 1 0 0 1 1 1
Boiler on
28.82 0 0 1 0 0 1 1 1
Boiler on
28.85 0 0 1 0 0 1 1 1
Boiler on
28.85 0 0 1 0 0 1 1 1
Boiler on
28.85 0 0 1 0 0 1 1 1
Boiler on
28.85 0 0 1 0 0 1 1 1
Boiler on
28.85 0 0 1 0 0 1 1 1
Boiler on
28.88 0 0 1 0 0 1 1 1
Boiler on
28.88 0 0 1 0 0 1 1 1
Boiler on
28.88 0 0 1 0 0 1 1 1
Boiler on
28.88 0 0 1 0 0 1 1 1
Boiler on
28.88 0 0 1 0 0 1 1 1
Boiler on
28.91 0 0 1 0 0 1 1 1
Boiler on
28.91 0 0 1 0 0 1 1 1
Boiler on
28.94 0 0 1 0 0 1 1 1
Boiler on
28.94 0 0 1 0 0 1 1 1
Boiler on
28.97 0 0 1 0 0 1 1 1
Boiler on
29.00 0 0 1 0 0 1 1 1
Boiler on
28.94 0 0 1 0 0 1 1 1
Boiler on
28.94 0 0 1 0 0 1 1 1
Boiler on
28.97 0 0 1 0 0 1 1 1
Boiler on
28.97 0 0 1 0 0 1 1 1
Boiler on
28.97 0 0 1 0 0 1 1 1
Boiler on
28.91 0 0 1 0 0 1 1 1
Boiler on
28.97 0 0 1 0 0 1 1 1
Boiler on
29.00 0 0 1 0 0 1 1 1
Boiler on
29.00 0 0 1 0 0 1 1 1
Boiler on
29.04 0 0 1 0 0 1 1 1
Boiler on
29.00 0 0 1 0 0 1 1 1
Boiler on
29.03 0 0 1 0 0 1 1 1
Boiler on
29.03 0 0 1 0 0 1 1 1
Boiler on
29.03 0 0 1 0 0 1 1 1
Boiler on
29.07 0 0 1 0 0 1 1 1
Boiler on
29.07 0 0 1 0 0 1 1 1
Boiler on
29.10 0 0 1 0 0 1 1 1
Boiler on
29.10 0 0 1 0 0 1 1 1
Boiler on
29.10 0 0 1 0 0 1 1 1
Boiler on
29.10 0 0 1 0 0 1 1 1
Boiler on
29.10 0 0 1 0 0 1 1 1
Boiler on
29.10 0 0 1 0 0 1 1 1
Boiler on
29.13 0 0 1 0 0 1 1 1
Boiler on
29.13 0 0 1 0 0 1 1 1
Boiler on
29.13 0 0 1 0 0 1 1 1
Boiler on
29.16 0 0 1 0 0 1 1 1
Boiler on
29.16 0 0 1 0 0 1 1 1
Boiler on
29.16 0 0 1 0 0 1 1 1
Boiler on
29.19 0 0 1 0 0 1 1 1
Boiler on
29.19 0 0 1 0 0 1 1 1
Boiler on
29.19 0 0 1 0 0 1 1 1
Boiler on
29.16 0 0 1 0 0 1 1 1
Boiler on
29.19 0 0 1 0 0 1 1 1
Boiler on
29.19 0 0 1 0 0 1 1 1
Boiler on
29.19 0 0 1 0 0 1 1 1
Boiler on
29.19 0 0 1 0 0 1 1 1
Boiler on
29.19 0 0 1 0 0 1 1 1
Boiler on
29.22 0 0 1 0 0 1 1 1
Boiler on
29.22 0 0 1 0 0 1 1 1
Boiler on
29.22 0 0 1 0 0 1 1 1
Boiler on
29.25 0 0 1 0 0 1 1 1
Boiler on
29.28 0 0 1 0 0 1 1 1
Boiler on
29.25 0 0 1 0 0 1 1 1
Boiler on
29.28 0 0 1 0 0 1 1 1
Boiler on
29.31 0 0 1 0 0 1 1 1
Boiler on
29.28 0 0 1 0 0 1 1 1
Boiler on
29.28 0 0 1 0 0 1 1 1
Boiler on
29.28 0 0 1 0 0 1 1 1
Boiler on
29.28 0 0 1 0 0 1 1 1
Boiler on
29.34 0 0 1 0 0 1 1 1
Boiler on
29.37 0 0 1 0 0 1 1 1
Boiler on
29.34 0 0 1 0 0 1 1 1
Boiler on
29.37 0 0 1 0 0 1 1 1
Boiler on
29.34 0 0 1 0 0 1 1 1
Boiler on
29.40 0 0 1 0 0 1 1 1
Boiler on
29.40 0 0 1 0 0 1 1 1
Boiler on
29.40 0 0 1 0 0 1 1 1
Boiler on
29.43 0 0 1 0 0 1 1 1
Boiler on
29.43 0 0 1 0 0 1 1 1
Boiler on
29.43 0 0 1 0 0 1 1 1
Boiler on
29.43 0 0 1 0 0 1 1 1
Boiler on
29.46 0 0 1 0 0 1 1 1
Boiler on
29.46 0 0 1 0 0 1 1 1
Boiler on
29.49 0 0 1 0 0 1 1 1
Boiler on
29.52 0 0 1 0 0 1 1 1
Boiler on
29.52 0 0 1 0 0 1 1 1
Boiler on
29.52 0 0 1 0 0 1 1 1
Boiler on
29.52 0 0 1 0 0 1 1 1
Boiler on
29.52 0 0 1 0 0 1 1 1
Boiler on
29.52 0 0 1 0 0 1 1 1
Boiler on
29.52 0 0 1 0 0 1 1 1
Boiler on
29.52 0 0 1 0 0 1 1 1
Boiler on
29.52 0 0 1 0 0 1 1 1
Boiler on
29.55 0 0 1 0 0 1 1 1
Boiler on
29.55 0 0 1 0 0 1 1 1
Boiler on
29.55 0 0 1 0 0 1 1 1
Boiler on
29.55 0 0 1 0 0 1 1 1
Boiler on
29.55 0 0 1 0 0 1 1 1
Boiler on
29.55 0 0 1 0 0 1 1 1
Boiler on
29.55 0 0 1 0 0 1 1 1
Boiler on
29.58 0 0 1 0 0 1 1 1
Boiler on
29.58 0 0 1 0 0 1 1 1
Boiler on
29.58 0 0 1 0 0 1 1 1
Boiler on
29.58 0 0 1 0 0 1 1 1
Boiler on
29.58 0 0 1 0 0 1 1 1
Boiler on
29.58 0 0 1 0 0 1 1 1
Boiler on
29.61 0 0 1 0 0 1 1 1
Boiler on
29.61 0 0 1 0 0 1 1 1
Boiler on
29.64 0 0 1 0 0 1 1 1
Boiler on
29.64 0 0 1 0 0 1 1 1
Boiler on
29.64 0 0 1 0 0 1 1 1
Boiler on
29.64 0 0 1 0 0 1 1 1
Boiler on
29.64 0 0 1 0 0 1 1 1
Boiler on
29.64 0 0 1 0 0 1 1 1
Boiler on
29.64 0 0 1 0 0 1 1 1
Boiler on
29.64 0 0 1 0 0 1 1 1
Boiler on
29.64 0 0 1 0 0 1 1 1
Boiler on
29.64 0 0 1 0 0 1 1 1
Boiler on
29.67 0 0 1 0 0 1 1 1
Boiler on
29.64 0 0 1 0 0 1 1 1
Boiler on
29.67 0 0 1 0 0 1 1 1
Boiler on
29.67 0 0 1 0 0 1 1 1
Boiler on
29.64 0 0 1 0 0 1 1 1
Boiler on
29.67 0 0 1 0 0 1 1 1
Boiler on
29.70 0 0 1 0 0 1 1 1
Boiler on
29.70 0 0 1 0 0 1 1 1
Boiler on
29.70 0 0 1 0 0 1 1 1
Boiler on
29.70 0 0 1 0 0 1 1 1
Boiler on
29.73 0 0 1 0 0 1 1 1
Boiler on
29.73 0 0 1 0 0 1 1 1
Boiler on
29.73 0 0 1 0 0 1 1 1
Boiler on
29.73 0 0 1 0 0 1 1 1
Boiler on
29.73 0 0 1 0 0 1 1 1
Boiler on
29.73 0 0 1 0 0 1 1 1
Boiler on
29.77 0 0 1 0 0 1 1 1
Boiler on
29.73 0 0 1 0 0 1 1 1
Boiler on
29.77 0 0 1 0 0 1 1 1
Boiler on
29.76 0 0 1 0 0 1 1 1
Boiler on
29.80 0 0 1 0 0 1 1 1
Boiler on
29.80 0 0 1 0 0 1 1 1
Boiler on
29.76 0 0 1 0 0 1 1 1
Boiler on
29.80 0 0 1 0 0 1 1 1
Boiler on
29.80 0 0 1 0 0 1 1 1
Boiler on
29.80 0 0 1 0 0 1 1 1
Boiler on
29.80 0 0 1 0 0 1 1 1
Boiler on
29.80 0 0 1 0 0 1 1 1
Boiler on
29.80 0 0 1 0 0 1 1 1
Boiler on
29.80 0 0 1 0 0 1 1 1
Boiler on
29.80 0 0 1 0 0 1 1 1
Boiler on
29.80 0 0 1 0 0 1 1 1
Boiler on
29.83 0 0 1 0 0 1 1 1
Boiler on
29.83 0 0 1 0 0 1 1 1
Boiler on
29.83 0 0 1 0 0 1 1 1
Boiler on
29.83 0 0 1 0 0 1 1 1
Boiler on
29.83 0 0 1 0 0 1 1 1
Boiler on
29.89 0 0 1 0 0 1 1 1
Boiler on
29.86 0 0 1 0 0 1 1 1
Boiler on
29.89 0 0 1 0 0 1 1 1
Boiler on
29.89 0 0 1 0 0 1 1 1
Boiler on
29.89 0 0 1 0 0 1 1 1
Boiler on
29.89 0 0 1 0 0 1 1 1
Boiler on
29.89 0 0 1 0 0 1 1 1
Boiler on
29.92 0 0 1 0 0 1 1 1
Boiler on
29.89 0 0 1 0 0 1 1 1
Boiler on
29.89 0 0 1 0 0 1 1 1
Boiler on
29.89 0 0 1 0 0 1 1 1
Boiler on
29.92 0 0 1 0 0 1 1 1
Boiler on
29.95 0 0 1 0 0 1 1 1
Boiler on
29.95 0 0 1 0 0 1 1 1
Boiler on
29.98 0 0 1 0 0 1 1 1
Boiler on
29.98 0 0 1 0 0 1 1 1
Boiler on
29.98 0 0 1 0 0 1 1 1
Boiler on
29.98 0 0 1 0 0 1 1 1
Boiler on
29.98 0 0 1 0 0 1 1 1
Boiler on
29.98 0 0 1 0 0 1 1 1
Boiler on
29.98 0 0 1 0 0 1 1 1
Boiler on
29.98 0 0 1 0 0 1 1 1
Boiler on
29.95 0 0 1 0 0 1 1 1
Boiler on
29.98 0 0 1 0 0 1 1 1
Boiler on
29.98 0 0 1 0 0 1 1 1
Boiler on
29.98 0 0 1 0 0 1 1 1
Boiler on
29.98 0 0 1 0 0 1 1 1
Boiler on
29.98 0 0 1 0 0 1 1 1
Boiler on
29.98 0 0 1 0 0 1 1 1
Boiler on
29.98 0 0 1 0 0 1 1 1
Boiler on
29.98 0 0 1 0 0 1 1 1
Boiler on
30.04 0 0 1 0 0 1 1 1
Boiler on
30.04 0 0 1 0 0 1 1 1
Boiler on
30.07 0 0 1 0 0 1 1 1
Boiler on
30.07 0 0 1 0 0 1 1 1
Boiler on
30.07 0 0 1 0 0 1 1 1
Boiler on
30.07 0 0 1 0 0 1 1 1
Boiler on
30.07 0 0 1 0 0 1 1 1
Boiler on
30.07 0 0 1 0 0 1 1 1
Boiler on
30.07 0 0 1 0 0 1 1 1
Boiler on
30.07 0 0 1 0 0 1 1 1
Boiler on
30.07 0 0 1 0 0 1 1 1
Boiler on
30.07 0 0 1 0 0 1 1 1
Boiler on
30.07 0 0 1 0 0 1 1 1
Boiler on
30.01 0 0 1 0 0 1 1 1
Boiler on
30.07 0 0 1 0 0 1 1 1
Boiler on
30.07 0 0 1 0 0 1 1 1
Boiler on
30.13 0 0 1 0 0 1 1 1
Boiler on
30.16 0 0 1 0 0 1 1 1
Boiler on
30.19 0 0 1 0 0 1 1 1
Boiler on
30.16 0 0 1 0 0 1 1 1
Boiler on
30.16 0 0 1 0 0 1 1 1
Boiler on
30.16 0 0 1 0 0 1 1 1
Boiler on
30.16 0 0 1 0 0 1 1 1
Boiler on
30.16 0 0 1 0 0 1 1 1
Boiler on
30.13 0 0 1 0 0 1 1 1
Boiler on
30.19 0 0 1 0 0 1 1 1
Boiler on
30.22 0 0 1 0 0 1 1 1
Boiler on
30.22 0 0 1 0 0 1 1 1
Boiler on
30.22 0 0 1 0 0 1 1 1
Boiler on
30.22 0 0 1 0 0 1 1 1
Boiler on
30.25 0 0 1 0 0 1 1 1
Boiler on
30.25 0 0 1 0 0 1 1 1
Boiler on
30.25 0 0 1 0 0 1 1 1
Boiler on
30.25 0 0 1 0 0 1 1 1
Boiler on
30.28 0 0 1 0 0 1 1 1
Boiler on
30.28 0 0 1 0 0 1 1 1
Boiler on
30.28 0 0 1 0 0 1 1 1
Boiler on
30.28 0 0 1 0 0 1 1 1
Boiler on
30.32 0 0 1 0 0 1 1 1
Boiler on
30.28 0 0 1 0 0 1 1 1
Boiler on
30.32 0 0 1 0 0 1 1 1
Boiler on
30.32 0 0 1 0 0 1 1 1
Boiler on
30.32 0 0 1 0 0 1 1 1
Boiler on
30.32 0 0 1 0 0 1 1 1
Boiler on
30.38 0 0 1 0 0 1 1 1
Boiler on
30.38 0 0 1 0 0 1 1 1
Boiler on
30.38 0 0 1 0 0 1 1 1
Boiler on
30.38 0 0 1 0 0 1 1 1
Boiler on
30.38 0 0 1 0 0 1 1 1
Boiler on
30.38 0 0 1 0 0 1 1 1
Boiler on
30.38 0 0 1 0 0 1 1 1
Boiler on
30.41 0 0 1 0 0 1 1 1
Boiler on
30.41 0 0 1 0 0 1 1 1
Boiler on
30.41 0 0 1 0 0 1 1 1
Boiler on
30.41 0 0 1 0 0 1 1 1
Boiler on
30.41 0 0 1 0 0 1 1 1
Boiler on
30.41 0 0 1 0 0 1 1 1
Boiler on
30.38 0 0 1 0 0 1 1 1
Boiler on
30.38 0 0 1 0 0 1 1 1
Boiler on
30.41 0 0 1 0 0 1 1 1
Boiler on
30.41 0 0 1 0 0 1 1 1
Boiler on
30.41 0 0 1 0 0 1 1 1
Boiler on
30.41 0 0 1 0 0 1 1 1
Boiler on
30.44 0 0 1 0 0 1 1 1
Boiler on
30.44 0 0 1 0 0 1 1 1
Boiler on
30.44 0 0 1 0 0 1 1 1
Boiler on
30.44 0 0 1 0 0 1 1 1
Boiler on
30.44 0 0 1 0 0 1 1 1
Boiler on
30.44 0 0 1 0 0 1 1 1
Boiler on
30.47 0 0 1 0 0 1 1 1
Boiler on
30.47 0 0 1 0 0 1 1 1
Boiler on
30.47 0 0 1 0 0 1 1 1
Boiler on
30.47 0 0 1 0 0 1 1 1
Boiler on
30.47 0 0 1 0 0 1 1 1
Boiler on
30.47 0 0 1 0 0 1 1 1
Boiler on
30.47 0 0 1 0 0 1 1 1
Boiler on
30.50 0 0 1 0 0 1 1 1
Boiler on
30.50 0 0 1 0 0 1 1 1
Boiler on
30.50 0 0 1 0 0 1 1 1
Boiler on
30.50 0 0 1 0 0 1 1 1
Boiler on
30.50 0 0 1 0 0 1 1 1
Boiler on
30.50 0 0 1 0 0 1 1 1
Boiler on
30.50 0 0 1 0 0 1 1 1
Boiler on
30.50 0 0 1 0 0 1 1 1
Boiler on
30.53 0 0 1 0 0 1 1 1
Boiler on
30.53 0 0 1 0 0 1 1 1
Boiler on
30.50 0 0 1 0 0 1 1 1
Boiler on
30.53 0 0 1 0 0 1 1 1
Boiler on
30.53 0 0 1 0 0 1 1 1
Boiler on
30.53 0 0 1 0 0 1 1 1
Boiler on
30.56 0 0 1 0 0 1 1 1
Boiler on
30.56 0 0 1 0 0 1 1 1
Boiler on
30.56 0 0 1 0 0 1 1 1
Boiler on
30.56 0 0 1 0 0 1 1 1
Boiler on
30.56 0 0 1 0 0 1 1 1
Boiler on
30.56 0 0 1 0 0 1 1 1
Boiler on
30.56 0 0 1 0 0 1 1 1
Boiler on
30.59 0 0 1 0 0 1 1 1
Boiler on
30.59 0 0 1 0 0 1 1 1
Boiler on
30.59 0 0 1 0 0 1 1 1
Boiler on
30.59 0 0 1 0 0 1 1 1
Boiler on
30.62 0 0 1 0 0 1 1 1
Boiler on
30.62 0 0 1 0 0 1 1 1
Boiler on
30.62 0 0 1 0 0 1 1 1
Boiler on
30.62 0 0 1 0 0 1 1 1
Boiler on
30.65 0 0 1 0 0 1 1 1
Boiler on
30.65 0 0 1 0 0 1 1 1
Boiler on
30.65 0 0 1 0 0 1 1 1
Boiler on
30.65 0 0 1 0 0 1 1 1
Boiler on
30.65 0 0 1 0 0 1 1 1
Boiler on
30.65 0 0 1 0 0 1 1 1
Boiler on
30.65 0 0 1 0 0 1 1 1
Boiler on
30.68 0 0 1 0 0 1 1 1
Boiler on
30.68 0 0 1 0 0 1 1 1
Boiler on
30.71 0 0 1 0 0 1 1 1
Boiler on
30.68 0 0 1 0 0 1 1 1
Boiler on
30.68 0 0 1 0 0 1 1 1
Boiler on
30.71 0 0 1 0 0 1 1 1
Boiler on
30.74 0 0 1 0 0 1 1 1
Boiler on
30.74 0 0 1 0 0 1 1 1
Boiler on
30.74 0 0 1 0 0 1 1 1
Boiler on
30.74 0 0 1 0 0 1 1 1
Boiler on
30.74 0 0 1 0 0 1 1 1
Boiler on
30.74 0 0 1 0 0 1 1 1
Boiler on
30.77 0 0 1 0 0 1 1 1
Boiler on
30.77 0 0 1 0 0 1 1 1
Boiler on
30.77 0 0 1 0 0 1 1 1
Boiler on
30.77 0 0 1 0 0 1 1 1
Boiler on
30.77 0 0 1 0 0 1 1 1
Boiler on
30.77 0 0 1 0 0 1 1 1
Boiler on
30.77 0 0 1 0 0 1 1 1
Boiler on
30.80 0 0 1 0 0 1 1 1
Boiler on
30.80 0 0 1 0 0 1 1 1
Boiler on
30.80 0 0 1 0 0 1 1 1
Boiler on
30.80 0 0 1 0 0 1 1 1
Boiler on
30.80 0 0 1 0 0 1 1 1
Boiler on
30.80 0 0 1 0 0 1 1 1
Boiler on
30.83 0 0 1 0 0 1 1 1
Boiler on
30.80 0 0 1 0 0 1 1 1
Boiler on
30.83 0 0 1 0 0 1 1 1
Boiler on
30.83 0 0 1 0 0 1 1 1
Boiler on
30.83 0 0 1 0 0 1 1 1
Boiler on
30.83 0 0 1 0 0 1 1 1
Boiler on
30.83 0 0 1 0 0 1 1 1
Boiler on
30.83 0 0 1 0 0 1 1 1
Boiler on
30.83 0 0 1 0 0 1 1 1
Boiler on
30.87 0 0 1 0 0 1 1 1
Boiler on
30.87 0 0 1 0 0 1 1 1
Boiler on
30.87 0 0 1 0 0 1 1 1
Boiler on
30.87 0 0 1 0 0 1 1 1
Boiler on
30.87 0 0 1 0 0 1 1 1
Boiler on
30.87 0 0 1 0 0 1 1 1
Boiler on
30.87 0 0 1 0 0 1 1 1
Boiler on
30.90 0 0 1 0 0 1 1 1
Boiler on
30.90 0 0 1 0 0 1 1 1
Boiler on
30.90 0 0 1 0 0 1 1 1
Boiler on
30.90 0 0 1 0 0 1 1 1
Boiler on
30.90 0 0 1 0 0 1 1 1
Boiler on
30.90 0 0 1 0 0 1 1 1
Boiler on
30.90 0 0 1 0 0 1 1 1
Boiler on
30.90 0 0 1 0 0 1 1 1
Boiler on
30.90 0 0 1 0 0 1 1 1
Boiler on
30.90 0 0 1 0 0 1 1 1
Boiler on
30.87 0 0 1 0 0 1 1 1
Boiler on
30.90 0 0 1 0 0 1 1 1
Boiler on
30.90 0 0 1 0 0 1 1 1
Boiler on
30.90 0 0 1 0 0 1 1 1
Boiler on
30.90 0 0 1 0 0 1 1 1
Boiler on
30.90 0 0 1 0 0 1 1 1
Boiler on
30.96 0 0 1 0 0 1 1 1
Boiler on
30.90 0 0 1 0 0 1 1 1
Boiler on
30.90 0 0 1 0 0 1 1 1
Boiler on
30.93 0 0 1 0 0 1 1 1
Boiler on
30.90 0 0 1 0 0 1 1 1
Boiler on
30.90 0 0 1 0 0 1 1 1
Boiler on
30.93 0 0 1 0 0 1 1 1
Boiler on
30.93 0 0 1 0 0 1 1 1
Boiler on
30.93 0 0 1 0 0 1 1 1
Boiler on
30.93 0 0 1 0 0 1 1 1
Boiler on
30.93 0 0 1 0 0 1 1 1
Boiler on
30.93 0 0 1 0 0 1 1 1
Boiler on
30.96 0 0 1 0 0 1 1 1
Boiler on
30.99 0 0 1 0 0 1 1 1
Boiler on
30.99 0 0 1 0 0 1 1 1
Boiler on
30.99 0 0 1 0 0 1 1 1
Boiler on
30.99 0 0 1 0 0 1 1 1
Boiler on
30.99 0 0 1 0 0 1 1 1
Boiler on
30.99 0 0 1 0 0 1 1 1
Boiler on
30.99 0 0 1 0 0 1 1 1
Boiler on
30.99 0 0 1 0 0 1 1 1
Boiler on
30.99 0 0 1 0 0 1 1 1
Boiler on
30.99 0 0 1 0 0 1 1 1
Boiler on
30.99 0 0 1 0 0 1 1 1
Boiler on
30.99 0 0 1 0 0 1 1 1
Boiler on
30.99 0 0 1 0 0 1 1 1
Boiler on
30.93 0 0 1 0 0 1 1 1
Boiler on
30.99 0 0 1 0 0 1 1 1
Boiler on
30.99 0 0 1 0 0 1 1 1
Boiler on
30.99 0 0 1 0 0 1 1 1
Boiler on
30.99 0 0 1 0 0 1 1 1
Boiler on
30.99 0 0 1 0 0 1 1 1
Boiler on
30.99 0 0 1 0 0 1 1 1
Boiler on
30.99 0 0 1 0 0 1 1 1
Boiler on
30.99 0 0 1 0 0 1 1 1
Boiler on
30.99 0 0 1 0 0 1 1 1
Boiler on
30.99 0 0 1 0 0 1 1 1
Boiler on
30.99 0 0 1 0 0 1 1 1
Boiler on
31.05 0 0 1 0 0 1 1 1
Boiler on
30.99 0 0 1 0 0 1 1 1
Boiler on
31.02 0 0 1 0 0 1 1 1
Boiler on
30.99 0 0 1 0 0 1 1 1
Boiler on
30.99 0 0 1 0 0 1 1 1
Boiler on
31.02 0 0 1 0 0 1 1 1
Boiler on
31.05 0 0 1 0 0 1 1 1
Boiler on
31.08 0 0 1 0 0 1 1 1
Boiler on
31.11 0 0 1 0 0 1 1 1
Boiler on
31.08 0 0 1 0 0 1 1 1
Boiler on
31.08 0 0 1 0 0 1 1 1
Boiler on
31.08 0 0 1 0 0 1 1 1
Boiler on
31.08 0 0 1 0 0 1 1 1
Boiler on
31.08 0 0 1 0 0 1 1 1
Boiler on
31.05 0 0 1 0 0 1 1 1
Boiler on
31.11 0 0 1 0 0 1 1 1
Boiler on
31.11 0 0 1 0 0 1 1 1
Boiler on
31.14 0 0 1 0 0 1 1 1
Boiler on
31.14 0 0 1 0 0 1 1 1
Boiler on
31.14 0 0 1 0 0 1 1 1
Boiler on
31.14 0 0 1 0 0 1 1 1
Boiler on
31.14 0 0 1 0 0 1 1 1
Boiler on
31.17 0 0 1 0 0 1 1 1
Boiler on
31.14 0 0 1 0 0 1 1 1
Boiler on
31.17 0 0 1 0 0 1 1 1
Boiler on
31.20 0 0 1 0 0 1 1 1
Boiler on
31.20 0 0 1 0 0 1 1 1
Boiler on
31.20 0 0 1 0 0 1 1 1
Boiler on
31.20 0 0 1 0 0 1 1 1
Boiler on
31.20 0 0 1 0 0 1 1 1
Boiler on
31.20 0 0 1 0 0 1 1 1
Boiler on
31.20 0 0 1 0 0 1 1 1
Boiler on
31.20 0 0 1 0 0 1 1 1
Boiler on
31.20 0 0 1 0 0 1 1 1
Boiler on
31.20 0 0 1 0 0 1 1 1
Boiler on
31.20 0 0 1 0 0 1 1 1
Boiler on
31.20 0 0 1 0 0 1 1 1
Boiler on
31.23 0 0 1 0 0 1 1 1
Boiler on
31.23 0 0 1 0 0 1 1 1
Boiler on
31.23 0 0 1 0 0 1 1 1
Boiler on
31.23 0 0 1 0 0 1 1 1
Boiler on
31.23 0 0 1 0 0 1 1 1
Boiler on
31.20 0 0 1 0 0 1 1 1
Boiler on
31.26 0 0 1 0 0 1 1 1
Boiler on
31.26 0 0 1 0 0 1 1 1
Boiler on
31.29 0 0 1 0 0 1 1 1
Boiler on
31.29 0 0 1 0 0 1 1 1
Boiler on
31.29 0 0 1 0 0 1 1 1
Boiler on
31.29 0 0 1 0 0 1 1 1
Boiler on
31.29 0 0 1 0 0 1 1 1
Boiler on
31.29 0 0 1 0 0 1 1 1
Boiler on
31.32 0 0 1 0 0 1 1 1
Boiler on
31.29 0 0 1 0 0 1 1 1
Boiler on
31.29 0 0 1 0 0 1 1 1
Boiler on
31.29 0 0 1 0 0 1 1 1
Boiler on
31.29 0 0 1 0 0 1 1 1
Boiler on
31.29 0 0 1 0 0 1 1 1
Boiler on
31.29 0 0 1 0 0 1 1 1
Boiler on
31.29 0 0 1 0 0 1 1 1
Boiler on
31.42 0 0 1 0 0 1 1 1
Boiler on
31.33 0 0 1 0 0 1 1 1
Boiler on
31.33 0 0 1 0 0 1 1 1
Boiler on
31.33 0 0 1 0 0 1 1 1
Boiler on
31.33 0 0 1 0 0 1 1 1
Boiler on
31.33 0 0 1 0 0 1 1 1
Boiler on
31.33 0 0 1 0 0 1 1 1
Boiler on
31.36 0 0 1 0 0 1 1 1
Boiler on
31.36 0 0 1 0 0 1 1 1
Boiler on
31.36 0 0 1 0 0 1 1 1
Boiler on
31.36 0 0 1 0 0 1 1 1
Boiler on
31.36 0 0 1 0 0 1 1 1
Boiler on
31.39 0 0 1 0 0 1 1 1
Boiler on
31.36 0 0 1 0 0 1 1 1
Boiler on
31.39 0 0 1 0 0 1 1 1
Boiler on
31.39 0 0 1 0 0 1 1 1
Boiler on
31.36 0 0 1 0 0 1 1 1
Boiler on
31.39 0 0 1 0 0 1 1 1
Boiler on
31.39 0 0 1 0 0 1 1 1
Boiler on
31.39 0 0 1 0 0 1 1 1
Boiler on
31.39 0 0 1 0 0 1 1 1
Boiler on
31.39 0 0 1 0 0 1 1 1
Boiler on
31.39 0 0 1 0 0 1 1 1
Boiler on
31.39 0 0 1 0 0 1 1 1
Boiler on
31.39 0 0 1 0 0 1 1 1
Boiler on
31.39 0 0 1 0 0 1 1 1
Boiler on
31.39 0 0 1 0 0 1 1 1
Boiler on
31.45 0 0 1 0 0 1 1 1
Boiler on
31.35 0 0 1 0 0 1 1 1
Boiler on
31.39 0 0 1 0 0 1 1 1
Boiler on
31.39 0 0 1 0 0 1 1 1
Boiler on
31.39 0 0 1 0 0 1 1 1
Boiler on
31.39 0 0 1 0 0 1 1 1
Boiler on
31.45 0 0 1 0 0 1 1 1
Boiler on
31.42 0 0 1 0 0 1 1 1
Boiler on
31.42 0 0 1 0 0 1 1 1
Boiler on
31.42 0 0 1 0 0 1 1 1
Boiler on
31.42 0 0 1 0 0 1 1 1
Boiler on
31.45 0 0 1 0 0 1 1 1
Boiler on
31.45 0 0 1 0 0 1 1 1
Boiler on
31.35 0 0 1 0 0 1 1 1
Boiler on
31.45 0 0 1 0 0 1 1 1
Boiler on
31.48 0 0 1 0 0 1 1 1
Boiler on
31.45 0 0 1 0 0 1 1 1
Boiler on
31.45 0 0 1 0 0 1 1 1
Boiler on
31.45 0 0 1 0 0 1 1 1
Boiler on
31.45 0 0 1 0 0 1 1 1
Boiler on
31.48 0 0 1 0 0 1 1 1
Boiler on
31.48 0 0 1 0 0 1 1 1
Boiler on
31.48 0 0 1 0 0 1 1 1
Boiler on
31.48 0 0 1 0 0 1 1 1
Boiler on
31.48 0 0 1 0 0 1 1 1
Boiler on
31.48 0 0 1 0 0 1 1 1
Boiler on
31.51 0 0 1 0 0 1 1 1
Boiler on
31.48 0 0 1 0 0 1 1 1
Boiler on
31.48 0 0 1 0 0 1 1 1
Boiler on
31.48 0 0 1 0 0 1 1 1
Boiler on
31.48 0 0 1 0 0 1 1 1
Boiler on
31.48 0 0 1 0 0 1 1 1
Boiler on
31.48 0 0 1 0 0 1 1 1
Boiler on
31.48 0 0 1 0 0 1 1 1
Boiler on
31.48 0 0 1 0 0 1 1 1
Boiler on
31.48 0 0 1 0 0 1 1 1
Boiler on
31.48 0 0 1 0 0 1 1 1
Boiler on
31.51 0 0 1 0 0 1 1 1
Boiler on
31.51 0 0 1 0 0 1 1 1
Boiler on
31.51 0 0 1 0 0 1 1 1
Boiler on
31.54 0 0 1 0 0 1 1 1
Boiler on
31.54 0 0 1 0 0 1 1 1
Boiler on
31.54 0 0 1 0 0 1 1 1
Boiler on
31.51 0 0 1 0 0 1 1 1
Boiler on
31.57 0 0 1 0 0 1 1 1
Boiler on
31.57 0 0 1 0 0 1 1 1
Boiler on
31.57 0 0 1 0 0 1 1 1
Boiler on
31.57 0 0 1 0 0 1 1 1
Boiler on
31.57 0 0 1 0 0 1 1 1
Boiler on
31.63 0 0 1 0 0 1 1 1
Boiler on
31.57 0 0 1 0 0 1 1 1
Boiler on
31.60 0 0 1 0 0 1 1 1
Boiler on
31.60 0 0 1 0 0 1 1 1
Boiler on
31.60 0 0 1 0 0 1 1 1
Boiler on
31.57 0 0 1 0 0 1 1 1
Boiler on
31.60 0 0 1 0 0 1 1 1
Boiler on
31.60 0 0 1 0 0 1 1 1
Boiler on
31.60 0 0 1 0 0 1 1 1
Boiler on
31.63 0 0 1 0 0 1 1 1
Boiler on
31.63 0 0 1 0 0 1 1 1
Boiler on
31.63 0 0 1 0 0 1 1 1
Boiler on
31.66 0 0 1 0 0 1 1 1
Boiler on
31.66 0 0 1 0 0 1 1 1
Boiler on
31.66 0 0 1 0 0 1 1 1
Boiler on
31.66 0 0 1 0 0 1 1 1
Boiler on
31.66 0 0 1 0 0 1 1 1
Boiler on
31.66 0 0 1 0 0 1 1 1
Boiler on
31.66 0 0 1 0 0 1 1 1
Boiler on
31.66 0 0 1 0 0 1 1 1
Boiler on
31.66 0 0 1 0 0 1 1 1
Boiler on
31.63 0 0 1 0 0 1 1 1
Boiler on
31.69 0 0 1 0 0 1 1 1
Boiler on
31.69 0 0 1 0 0 1 1 1
Boiler on
31.69 0 0 1 0 0 1 1 1
Boiler on
31.72 0 0 1 0 0 1 1 1
Boiler on
31.72 0 0 1 0 0 1 1 1
Boiler on
31.72 0 0 1 0 0 1 1 1
Boiler on
31.72 0 0 1 0 0 1 1 1
Boiler on
31.72 0 0 1 0 0 1 1 1
Boiler on
31.66 0 0 1 0 0 1 1 1
Boiler on
31.75 0 0 1 0 0 1 1 1
Boiler on
31.79 0 0 1 0 0 1 1 1
Boiler on
31.75 0 0 1 0 0 1 1 1
Boiler on
31.75 0 0 1 0 0 1 1 1
Boiler on
31.75 0 0 1 0 0 1 1 1
Boiler on
31.75 0 0 1 0 0 1 1 1
Boiler on
31.75 0 0 1 0 0 1 1 1
Boiler on
31.75 0 0 1 0 0 1 1 1
Boiler on
31.75 0 0 1 0 0 1 1 1
Boiler on
31.75 0 0 1 0 0 1 1 1
Boiler on
31.79 0 0 1 0 0 1 1 1
Boiler on
31.79 0 0 1 0 0 1 1 1
Boiler on
31.85 0 0 1 0 0 1 1 1
Boiler on
31.79 0 0 1 0 0 1 1 1
Boiler on
31.79 0 0 1 0 0 1 1 1
Boiler on
31.79 0 0 1 0 0 1 1 1
Boiler on
31.79 0 0 1 0 0 1 1 1
Boiler on
31.79 0 0 1 0 0 1 1 1
Boiler on
31.82 0 0 1 0 0 1 1 1
Boiler on
31.82 0 0 1 0 0 1 1 1
Boiler on
31.85 0 0 1 0 0 1 1 1
Boiler on
31.82 0 0 1 0 0 1 1 1
Boiler on
31.88 0 0 1 0 0 1 1 1
Boiler on
31.85 0 0 1 0 0 1 1 1
Boiler on
31.85 0 0 1 0 0 1 1 1
Boiler on
31.85 0 0 1 0 0 1 1 1
Boiler on
31.85 0 0 1 0 0 1 1 1
Boiler on
31.85 0 0 1 0 0 1 1 1
Boiler on
31.85 0 0 1 0 0 1 1 1
Boiler on
31.85 0 0 1 0 0 1 1 1
Boiler on
31.85 0 0 1 0 0 1 1 1
Boiler on
31.85 0 0 1 0 0 1 1 1
Boiler on
31.85 0 0 1 0 0 1 1 1
Boiler on
31.85 0 0 1 0 0 1 1 1
Boiler on
31.88 0 0 1 0 0 1 1 1
Boiler on
31.85 0 0 1 0 0 1 1 1
Boiler on
31.88 0 0 1 0 0 1 1 1
Boiler on
31.88 0 0 1 0 0 1 1 1
Boiler on
31.88 0 0 1 0 0 1 1 1
Boiler on
31.88 0 0 1 0 0 1 1 1
Boiler on
31.88 0 0 1 0 0 1 1 1
Boiler on
31.88 0 0 1 0 0 1 1 1
Boiler on
31.88 0 0 1 0 0 1 1 1
Boiler on
31.88 0 0 1 0 0 1 1 1
Boiler on
31.88 0 0 1 0 0 1 1 1
Boiler on
31.88 0 0 1 0 0 1 1 1
Boiler on
31.94 0 0 1 0 0 1 1 1
Boiler on
31.94 0 0 1 0 0 1 1 1
Boiler on
31.94 0 0 1 0 0 1 1 1
Boiler on
31.94 0 0 1 0 0 1 1 1
Boiler on
31.94 0 0 1 0 0 1 1 1
Boiler on
31.94 0 0 1 0 0 1 1 1
Boiler on
31.94 0 0 1 0 0 1 1 1
Boiler on
31.94 0 0 1 0 0 1 1 1
Boiler on
31.94 0 0 1 0 0 1 1 1
Boiler on
31.94 0 0 1 0 0 1 1 1
Boiler on
31.94 0 0 1 0 0 1 1 1
Boiler on
31.94 0 0 1 0 0 1 1 1
Boiler on
31.94 0 0 1 0 0 1 1 1
Boiler on
31.94 0 0 1 0 0 1 1 1
Boiler on
31.94 0 0 1 0 0 1 1 1
Boiler on
31.94 0 0 1 0 0 1 1 1
Boiler on
31.94 0 0 1 0 0 1 1 1
Boiler on
31.94 0 0 1 0 0 1 1 1
Boiler on
31.94 0 0 1 0 0 1 1 1
Boiler on
31.94 0 0 1 0 0 1 1 1
Boiler on
31.94 0 0 1 0 0 1 1 1
Boiler on
31.94 0 0 1 0 0 1 1 1
Boiler on
31.94 0 0 1 0 0 1 1 1
Boiler on
31.94 0 0 1 0 0 1 1 1
Boiler on
31.94 0 0 1 0 0 1 1 1
Boiler on
31.94 0 0 1 0 0 1 1 1
Boiler on
31.97 0 0 1 0 0 1 1 1
Boiler on
31.94 0 0 1 0 0 1 1 1
Boiler on
31.91 0 0 1 0 0 1 1 1
Boiler on
31.97 0 0 1 0 0 1 1 1
Boiler on
31.97 0 0 1 0 0 1 1 1
Boiler on
31.97 0 0 1 0 0 1 1 1
Boiler on
31.97 0 0 1 0 0 1 1 1
Boiler on
31.97 0 0 1 0 0 1 1 1
Boiler on
32.00 0 0 1 0 0 1 1 1
Boiler on
32.00 0 0 1 0 0 1 1 1
Boiler on
32.03 0 0 1 0 0 1 1 1
Boiler on
32.03 0 0 1 0 0 1 1 1
Boiler on
32.03 0 0 1 0 0 1 1 1
Boiler on
32.03 0 0 1 0 0 1 1 1
Boiler on
32.03 0 0 1 0 0 1 1 1
Boiler on
32.03 0 0 1 0 0 1 1 1
Boiler on
32.06 0 0 1 0 0 1 1 1
Boiler on
32.03 0 0 1 0 0 1 1 1
Boiler on
32.03 0 0 1 0 0 1 1 1
Boiler on
32.03 0 0 1 0 0 1 1 1
Boiler on
32.03 0 0 1 0 0 1 1 1
Boiler on
32.06 0 0 1 0 0 1 1 1
Boiler on
32.03 0 0 1 0 0 1 1 1
Boiler on
32.06 0 0 1 0 0 1 1 1
Boiler on
32.06 0 0 1 0 0 1 1 1
Boiler on
32.06 0 0 1 0 0 1 1 1
Boiler on
32.06 0 0 1 0 0 1 1 1
Boiler on
32.09 0 0 1 0 0 1 1 1
Boiler on
32.09 0 0 1 0 0 1 1 1
Boiler on
32.09 0 0 1 0 0 1 1 1
Boiler on
32.09 0 0 1 0 0 1 1 1
Boiler on
32.12 0 0 1 0 0 1 1 1
Boiler on
32.12 0 0 1 0 0 1 1 1
Boiler on
32.12 0 0 1 0 0 1 1 1
Boiler on
32.12 0 0 1 0 0 1 1 1
Boiler on
32.12 0 0 1 0 0 1 1 1
Boiler on
32.12 0 0 1 0 0 1 1 1
Boiler on
32.12 0 0 1 0 0 1 1 1
Boiler on
32.12 0 0 1 0 0 1 1 1
Boiler on
32.12 0 0 1 0 0 1 1 1
Boiler on
32.12 0 0 1 0 0 1 1 1
Boiler on
32.12 0 0 1 0 0 1 1 1
Boiler on
32.12 0 0 1 0 0 1 1 1
Boiler on
32.12 0 0 1 0 0 1 1 1
Boiler on
32.12 0 0 1 0 0 1 1 1
Boiler on
32.19 0 0 1 0 0 1 1 1
Boiler on
32.12 0 0 1 0 0 1 1 1
Boiler on
32.15 0 0 1 0 0 1 1 1
Boiler on
32.15 0 0 1 0 0 1 1 1
Boiler on
32.15 0 0 1 0 0 1 1 1
Boiler on
32.15 0 0 1 0 0 1 1 1
Boiler on
32.15 0 0 1 0 0 1 1 1
Boiler on
32.15 0 0 1 0 0 1 1 1
Boiler on
32.19 0 0 1 0 0 1 1 1
Boiler on
32.15 0 0 1 0 0 1 1 1
Boiler on
32.15 0 0 1 0 0 1 1 1
Boiler on
32.19 0 0 1 0 0 1 1 1
Boiler on
32.22 0 0 1 0 0 1 1 1
Boiler on
32.22 0 0 1 0 0 1 1 1
Boiler on
32.22 0 0 1 0 0 1 1 1
Boiler on
32.22 0 0 1 0 0 1 1 1
Boiler on
32.22 0 0 1 0 0 1 1 1
Boiler on
32.22 0 0 1 0 0 1 1 1
Boiler on
32.22 0 0 1 0 0 1 1 1
Boiler on
32.22 0 0 1 0 0 1 1 1
Boiler on
32.22 0 0 1 0 0 1 1 1
Boiler on
32.25 0 0 1 0 0 1 1 1
Boiler on
32.25 0 0 1 0 0 1 1 1
Boiler on
32.25 0 0 1 0 0 1 1 1
Boiler on
32.25 0 0 1 0 0 1 1 1
Boiler on
32.25 0 0 1 0 0 1 1 1
Boiler on
32.31 0 0 1 0 0 1 1 1
Boiler on
32.28 0 0 1 0 0 1 1 1
Boiler on
32.28 0 0 1 0 0 1 1 1
Boiler on
32.31 0 0 1 0 0 1 1 1
Boiler on
32.31 0 0 1 0 0 1 1 1
Boiler on
32.31 0 0 1 0 0 1 1 1
Boiler on
32.34 0 0 1 0 0 1 1 1
Boiler on
32.34 0 0 1 0 0 1 1 1
Boiler on
32.37 0 0 1 0 0 1 1 1
Boiler on
32.37 0 0 1 0 0 1 1 1
Boiler on
32.37 0 0 1 0 0 1 1 1
Boiler on
32.37 0 0 1 0 0 1 1 1
Boiler on
32.37 0 0 1 0 0 1 1 1
Boiler on
32.40 0 0 1 0 0 1 1 1
Boiler on
32.37 0 0 1 0 0 1 1 1
Boiler on
32.40 0 0 1 0 0 1 1 1
Boiler on
32.43 0 0 1 0 0 1 1 1
Boiler on
32.46 0 0 1 0 0 1 1 1
Boiler on
32.46 0 0 1 0 0 1 1 1
Boiler on
32.46 0 0 1 0 0 1 1 1
Boiler on
32.46 0 0 1 0 0 1 1 1
Boiler on
32.46 0 0 1 0 0 1 1 1
Boiler on
32.46 0 0 1 0 0 1 1 1
Boiler on
32.46 0 0 1 0 0 1 1 1
Boiler on
32.46 0 0 1 0 0 1 1 1
Boiler on
32.46 0 0 1 0 0 1 1 1
Boiler on
32.46 0 0 1 0 0 1 1 1
Boiler on
32.49 0 0 1 0 0 1 1 1
Boiler on
32.56 0 0 1 0 0 1 1 1
Boiler on
32.56 0 0 1 0 0 1 1 1
Boiler on
32.56 0 0 1 0 0 1 1 1
Boiler on
32.56 0 0 1 0 0 1 1 1
Boiler on
32.62 0 0 1 0 0 1 1 1
Boiler on
32.56 0 0 1 0 0 1 1 1
Boiler on
32.56 0 0 1 0 0 1 1 1
Boiler on
32.52 0 0 1 0 0 1 1 1
Boiler on
32.56 0 0 1 0 0 1 1 1
Boiler on
32.56 0 0 1 0 0 1 1 1
Boiler on
32.56 0 0 1 0 0 1 1 1
Boiler on
32.56 0 0 1 0 0 1 1 1
Boiler on
32.56 0 0 1 0 0 1 1 1
Boiler on
32.56 0 0 1 0 0 1 1 1
Boiler on
32.56 0 0 1 0 0 1 1 1
Boiler on
32.56 0 0 1 0 0 1 1 1
Boiler on
32.56 0 0 1 0 0 1 1 1
Boiler on
32.56 0 0 1 0 0 1 1 1
Boiler on
32.56 0 0 1 0 0 1 1 1
Boiler on
32.59 0 0 1 0 0 1 1 1
Boiler on
32.65 0 0 1 0 0 1 1 1
Boiler on
32.65 0 0 1 0 0 1 1 1
Boiler on
32.65 0 0 1 0 0 1 1 1
Boiler on
32.65 0 0 1 0 0 1 1 1
Boiler on
32.65 0 0 1 0 0 1 1 1
Boiler on
32.65 0 0 1 0 0 1 1 1
Boiler on
32.65 0 0 1 0 0 1 1 1
Boiler on
32.65 0 0 1 0 0 1 1 1
Boiler on
32.65 0 0 1 0 0 1 1 1
Boiler on
32.65 0 0 1 0 0 1 1 1
Boiler on
32.65 0 0 1 0 0 1 1 1
Boiler on
32.65 0 0 1 0 0 1 1 1
Boiler on
32.65 0 0 1 0 0 1 1 1
Boiler on
32.62 0 0 1 0 0 1 1 1
Boiler on
32.65 0 0 1 0 0 1 1 1
Boiler on
32.65 0 0 1 0 0 1 1 1
Boiler on
32.65 0 0 1 0 0 1 1 1
Boiler on
32.65 0 0 1 0 0 1 1 1
Boiler on
32.68 0 0 1 0 0 1 1 1
Boiler on
32.68 0 0 1 0 0 1 1 1
Boiler on
32.68 0 0 1 0 0 1 1 1
Boiler on
32.68 0 0 1 0 0 1 1 1
Boiler on
32.68 0 0 1 0 0 1 1 1
Boiler on
32.68 0 0 1 0 0 1 1 1
Boiler on
32.68 0 0 1 0 0 1 1 1
Boiler on
32.71 0 0 1 0 0 1 1 1
Boiler on
32.68 0 0 1 0 0 1 1 1
Boiler on
32.71 0 0 1 0 0 1 1 1
Boiler on
32.74 0 0 1 0 0 1 1 1
Boiler on
32.74 0 0 1 0 0 1 1 1
Boiler on
32.74 0 0 1 0 0 1 1 1
Boiler on
32.74 0 0 1 0 0 1 1 1
Boiler on
32.74 0 0 1 0 0 1 1 1
Boiler on
32.74 0 0 1 0 0 1 1 1
Boiler on
32.74 0 0 1 0 0 1 1 1
Boiler on
32.74 0 0 1 0 0 1 1 1
Boiler on
32.74 0 0 1 0 0 1 1 1
Boiler on
32.74 0 0 1 0 0 1 1 1
Boiler on
32.77 0 0 1 0 0 1 1 1
Boiler on
32.74 0 0 1 0 0 1 1 1
Boiler on
32.74 0 0 1 0 0 1 1 1
Boiler on
32.77 0 0 1 0 0 1 1 1
Boiler on
32.77 0 0 1 0 0 1 1 1
Boiler on
32.77 0 0 1 0 0 1 1 1
Boiler on
32.77 0 0 1 0 0 1 1 1
Boiler on
32.77 0 0 1 0 0 1 1 1
Boiler on
32.77 0 0 1 0 0 1 1 1
Boiler on
32.80 0 0 1 0 0 1 1 1
Boiler on
32.83 0 0 1 0 0 1 1 1
Boiler on
32.83 0 0 1 0 0 1 1 1
Boiler on
32.83 0 0 1 0 0 1 1 1
Boiler on
32.83 0 0 1 0 0 1 1 1
Boiler on
32.83 0 0 1 0 0 1 1 1
Boiler on
32.83 0 0 1 0 0 1 1 1
Boiler on
32.83 0 0 1 0 0 1 1 1
Boiler on
32.83 0 0 1 0 0 1 1 1
Boiler on
32.83 0 0 1 0 0 1 1 1
Boiler on
32.87 0 0 1 0 0 1 1 1
Boiler on
32.83 0 0 1 0 0 1 1 1
Boiler on
32.83 0 0 1 0 0 1 1 1
Boiler on
32.86 0 0 1 0 0 1 1 1
Boiler on
32.86 0 0 1 0 0 1 1 1
Boiler on
32.93 0 0 1 0 0 1 1 1
Boiler on
32.93 0 0 1 0 0 1 1 1
Boiler on
32.93 0 0 1 0 0 1 1 1
Boiler on
32.93 0 0 1 0 0 1 1 1
Boiler on
32.93 0 0 1 0 0 1 1 1
Boiler on
32.93 0 0 1 0 0 1 1 1
Boiler on
32.93 0 0 1 0 0 1 1 1
Boiler on
32.93 0 0 1 0 0 1 1 1
Boiler on
32.93 0 0 1 0 0 1 1 1
Boiler on
32.93 0 0 1 0 0 1 1 1
Boiler on
32.93 0 0 1 0 0 1 1 1
Boiler on
32.93 0 0 1 0 0 1 1 1
Boiler on
32.93 0 0 1 0 0 1 1 1
Boiler on
32.93 0 0 1 0 0 1 1 1
Boiler on
32.93 0 0 1 0 0 1 1 1
Boiler on
32.99 0 0 1 0 0 1 1 1
Boiler on
32.99 0 0 1 0 0 1 1 1
Boiler on
33.02 0 0 1 0 0 1 1 1
Boiler on
32.99 0 0 1 0 0 1 1 1
Boiler on
32.99 0 0 1 0 0 1 1 1
Boiler on
32.99 0 0 1 0 0 1 1 1
Boiler on
33.02 0 0 1 0 0 1 1 1
Boiler on
33.02 0 0 1 0 0 1 1 1
Boiler on
33.02 0 0 1 0 0 1 1 1
Boiler on
32.99 0 0 1 0 0 1 1 1
Boiler on
33.02 0 0 1 0 0 1 1 1
Boiler on
33.02 0 0 1 0 0 1 1 1
Boiler on
32.99 0 0 1 0 0 1 1 1
Boiler on
33.02 0 0 1 0 0 1 1 1
Boiler on
33.02 0 0 1 0 0 1 1 1
Boiler on
33.02 0 0 1 0 0 1 1 1
Boiler on
32.96 0 0 1 0 0 1 1 1
Boiler on
33.02 0 0 1 0 0 1 1 1
Boiler on
32.99 0 0 1 0 0 1 1 1
Boiler on
33.02 0 0 1 0 0 1 1 1
Boiler on
33.02 0 0 1 0 0 1 1 1
Boiler on
33.02 0 0 1 0 0 1 1 1
Boiler on
33.02 0 0 1 0 0 1 1 1
Boiler on
33.02 0 0 1 0 0 1 1 1
Boiler on
32.99 0 0 1 0 0 1 1 1
Boiler on
32.99 0 0 1 0 0 1 1 1
Boiler on
32.99 0 0 1 0 0 1 1 1
Boiler on
32.99 0 0 1 0 0 1 1 1
Boiler on
33.08 0 0 1 0 0 1 1 1
Boiler on
33.02 0 0 1 0 0 1 1 1
Boiler on
32.99 0 0 1 0 0 1 1 1
Boiler on
32.99 0 0 1 0 0 1 1 1
Boiler on
33.02 0 0 1 0 0 1 1 1
Boiler on
33.02 0 0 1 0 0 1 1 1
Boiler on
32.99 0 0 1 0 0 1 1 1
Boiler on
32.99 0 0 1 0 0 1 1 1
Boiler on
32.99 0 0 1 0 0 1 1 1
Boiler on
32.99 0 0 1 0 0 1 1 1
Boiler on
32.99 0 0 1 0 0 1 1 1
Boiler on
32.99 0 0 1 0 0 1 1 1
Boiler on
32.99 0 0 1 0 0 1 1 1
Boiler on
32.99 0 0 1 0 0 1 1 1
Boiler on
33.05 0 0 1 0 0 1 1 1
Boiler on
33.02 0 0 1 0 0 1 1 1
Boiler on
~33.02 0 0 1 0 0 1 1 1
Boiler on
33.05 0 0 1 0 0 1 1 1
Boiler on
[computer-2]33.05 0 0 1 0 0 1 1 1
Boiler on
33.05 0 0 1 0 0 1 1 1
Boiler on
33.05 0 0 1 0 0 1 1 1
Boiler on
.Connected.
Connected.

Disconnected.
